[0.027s] Invoking command in '/home/wim/Documents/social_momentum_ros2/build/my_social_nav_interfaces': CMAKE_PREFIX_PATH=${CMAKE_PREFIX_PATH}:/home/wim/Documents/social_momentum_ros2/install/my_social_nav_pkg:/opt/ros/humble /usr/bin/cmake --build /home/wim/Documents/social_momentum_ros2/build/my_social_nav_interfaces -- -j12 -l12
[0.069s] -- Found ament_cmake: 1.3.11 (/opt/ros/humble/share/ament_cmake/cmake)
[0.290s] -- Override CMake install command with custom implementation using symlinks instead of copying resources
[0.302s] -- Found geometry_msgs: 4.8.0 (/opt/ros/humble/share/geometry_msgs/cmake)
[0.352s] -- Found rosidl_generator_c: 3.1.6 (/opt/ros/humble/share/rosidl_generator_c/cmake)
[0.360s] -- Found rosidl_adapter: 3.1.6 (/opt/ros/humble/share/rosidl_adapter/cmake)
[0.374s] -- Found rosidl_generator_cpp: 3.1.6 (/opt/ros/humble/share/rosidl_generator_cpp/cmake)
[0.394s] -- Using all available rosidl_typesupport_c: rosidl_typesupport_fastrtps_c;rosidl_typesupport_introspection_c
[0.421s] -- Using all available rosidl_typesupport_cpp: rosidl_typesupport_fastrtps_cpp;rosidl_typesupport_introspection_cpp
[0.494s] -- Found rosidl_default_generators: 1.2.0 (/opt/ros/humble/share/rosidl_default_generators/cmake)
[1.118s] -- Found ament_cmake_ros: 0.10.0 (/opt/ros/humble/share/ament_cmake_ros/cmake)
[2.108s] -- Using all available rosidl_typesupport_c: rosidl_typesupport_fastrtps_c;rosidl_typesupport_introspection_c
[2.415s] -- Using all available rosidl_typesupport_cpp: rosidl_typesupport_fastrtps_cpp;rosidl_typesupport_introspection_cpp
[2.454s] -- Found python_cmake_module: 0.10.0 (/opt/ros/humble/share/python_cmake_module/cmake)
[2.493s] -- Using PYTHON_EXECUTABLE: /usr/bin/python3
[2.493s] -- Using PYTHON_INCLUDE_DIRS: /usr/include/python3.10
[2.493s] -- Using PYTHON_LIBRARIES: /usr/lib/x86_64-linux-gnu/libpython3.10.so
[2.568s] -- Found ament_lint_auto: 0.12.12 (/opt/ros/humble/share/ament_lint_auto/cmake)
[2.586s] -- Added test 'lint_cmake' to check CMake code style
[2.587s] -- Added test 'xmllint' to check XML markup files
[2.592s] -- Configuring done
[2.660s] -- Generating done
[2.688s] -- Build files have been written to: /home/wim/Documents/social_momentum_ros2/build/my_social_nav_interfaces
[2.756s] [35m[1mConsolidate compiler generated dependencies of target my_social_nav_interfaces__rosidl_generator_c[0m
[2.770s] [  2%] Built target my_social_nav_interfaces__cpp
[2.791s] [ 12%] Built target my_social_nav_interfaces__rosidl_generator_c
[2.795s] [ 12%] Built target ament_cmake_python_symlink_my_social_nav_interfaces
[2.798s] [35m[1mConsolidate compiler generated dependencies of target my_social_nav_interfaces__rosidl_typesupport_introspection_cpp[0m
[2.798s] [35m[1mConsolidate compiler generated dependencies of target my_social_nav_interfaces__rosidl_typesupport_cpp[0m
[2.799s] [35m[1mConsolidate compiler generated dependencies of target my_social_nav_interfaces__rosidl_typesupport_fastrtps_cpp[0m
[2.819s] [35m[1mConsolidate compiler generated dependencies of target my_social_nav_interfaces__rosidl_typesupport_fastrtps_c[0m
[2.822s] [35m[1mConsolidate compiler generated dependencies of target my_social_nav_interfaces__rosidl_typesupport_introspection_c[0m
[2.833s] [35m[1mConsolidate compiler generated dependencies of target my_social_nav_interfaces__rosidl_typesupport_c[0m
[2.847s] [ 25%] Built target my_social_nav_interfaces__rosidl_typesupport_introspection_cpp
[2.847s] [ 33%] Built target my_social_nav_interfaces__rosidl_typesupport_fastrtps_cpp
[2.850s] [ 43%] Built target my_social_nav_interfaces__rosidl_typesupport_cpp
[2.867s] [ 64%] Built target my_social_nav_interfaces__rosidl_typesupport_introspection_c
[2.867s] [ 64%] Built target my_social_nav_interfaces__rosidl_typesupport_fastrtps_c
[2.869s] [ 74%] Built target my_social_nav_interfaces__rosidl_typesupport_c
[2.915s] [ 74%] Built target my_social_nav_interfaces
[2.965s] [ 76%] Built target my_social_nav_interfaces__py
[2.986s] [35m[1mConsolidate compiler generated dependencies of target my_social_nav_interfaces__rosidl_generator_py[0m
[3.014s] [ 84%] Built target my_social_nav_interfaces__rosidl_generator_py
[3.037s] [35m[1mConsolidate compiler generated dependencies of target my_social_nav_interfaces__rosidl_typesupport_fastrtps_c__pyext[0m
[3.038s] [35m[1mConsolidate compiler generated dependencies of target my_social_nav_interfaces__rosidl_typesupport_introspection_c__pyext[0m
[3.039s] [35m[1mConsolidate compiler generated dependencies of target my_social_nav_interfaces__rosidl_typesupport_c__pyext[0m
[3.064s] [100%] Built target my_social_nav_interfaces__rosidl_typesupport_c__pyext
[3.065s] [100%] Built target my_social_nav_interfaces__rosidl_typesupport_introspection_c__pyext
[3.065s] [100%] Built target my_social_nav_interfaces__rosidl_typesupport_fastrtps_c__pyext
[3.459s] running egg_info
[3.459s] writing my_social_nav_interfaces.egg-info/PKG-INFO
[3.459s] writing dependency_links to my_social_nav_interfaces.egg-info/dependency_links.txt
[3.460s] writing top-level names to my_social_nav_interfaces.egg-info/top_level.txt
[3.466s] reading manifest file 'my_social_nav_interfaces.egg-info/SOURCES.txt'
[3.468s] writing manifest file 'my_social_nav_interfaces.egg-info/SOURCES.txt'
[3.534s] [100%] Built target ament_cmake_python_build_my_social_nav_interfaces_egg
[3.558s] Invoked command in '/home/wim/Documents/social_momentum_ros2/build/my_social_nav_interfaces' returned '0': CMAKE_PREFIX_PATH=${CMAKE_PREFIX_PATH}:/home/wim/Documents/social_momentum_ros2/install/my_social_nav_pkg:/opt/ros/humble /usr/bin/cmake --build /home/wim/Documents/social_momentum_ros2/build/my_social_nav_interfaces -- -j12 -l12
[3.577s] Invoking command in '/home/wim/Documents/social_momentum_ros2/build/my_social_nav_interfaces': CMAKE_PREFIX_PATH=${CMAKE_PREFIX_PATH}:/home/wim/Documents/social_momentum_ros2/install/my_social_nav_pkg:/opt/ros/humble /usr/bin/cmake --install /home/wim/Documents/social_momentum_ros2/build/my_social_nav_interfaces
[3.589s] -- Install configuration: ""
[3.590s] -- Execute custom install script
[3.591s] -- Up-to-date symlink: /home/wim/Documents/social_momentum_ros2/install/my_social_nav_interfaces/share/ament_index/resource_index/rosidl_interfaces/my_social_nav_interfaces
[3.592s] -- Up-to-date symlink: /home/wim/Documents/social_momentum_ros2/install/my_social_nav_interfaces/include/my_social_nav_interfaces/my_social_nav_interfaces/msg/detail/human_array__functions.h
[3.592s] -- Up-to-date symlink: /home/wim/Documents/social_momentum_ros2/install/my_social_nav_interfaces/include/my_social_nav_interfaces/my_social_nav_interfaces/msg/detail/human_array__struct.h
[3.592s] -- Up-to-date symlink: /home/wim/Documents/social_momentum_ros2/install/my_social_nav_interfaces/include/my_social_nav_interfaces/my_social_nav_interfaces/msg/detail/human_array__type_support.h
[3.592s] -- Up-to-date symlink: /home/wim/Documents/social_momentum_ros2/install/my_social_nav_interfaces/include/my_social_nav_interfaces/my_social_nav_interfaces/msg/detail/human_pose_vel__functions.h
[3.593s] -- Up-to-date symlink: /home/wim/Documents/social_momentum_ros2/install/my_social_nav_interfaces/include/my_social_nav_interfaces/my_social_nav_interfaces/msg/detail/human_pose_vel__struct.h
[3.593s] -- Up-to-date symlink: /home/wim/Documents/social_momentum_ros2/install/my_social_nav_interfaces/include/my_social_nav_interfaces/my_social_nav_interfaces/msg/detail/human_pose_vel__type_support.h
[3.593s] -- Up-to-date symlink: /home/wim/Documents/social_momentum_ros2/install/my_social_nav_interfaces/include/my_social_nav_interfaces/my_social_nav_interfaces/msg/human_array.h
[3.593s] -- Up-to-date symlink: /home/wim/Documents/social_momentum_ros2/install/my_social_nav_interfaces/include/my_social_nav_interfaces/my_social_nav_interfaces/msg/human_pose_vel.h
[3.594s] -- Up-to-date symlink: /home/wim/Documents/social_momentum_ros2/install/my_social_nav_interfaces/include/my_social_nav_interfaces/my_social_nav_interfaces/msg/rosidl_generator_c__visibility_control.h
[3.594s] -- Up-to-date symlink: /home/wim/Documents/social_momentum_ros2/install/my_social_nav_interfaces/share/my_social_nav_interfaces/environment/library_path.sh
[3.595s] -- Up-to-date symlink: /home/wim/Documents/social_momentum_ros2/install/my_social_nav_interfaces/share/my_social_nav_interfaces/environment/library_path.dsv
[3.595s] -- Up-to-date symlink: /home/wim/Documents/social_momentum_ros2/install/my_social_nav_interfaces/include/my_social_nav_interfaces/my_social_nav_interfaces/msg/detail/human_array__rosidl_typesupport_fastrtps_c.h
[3.596s] -- Up-to-date symlink: /home/wim/Documents/social_momentum_ros2/install/my_social_nav_interfaces/include/my_social_nav_interfaces/my_social_nav_interfaces/msg/detail/human_pose_vel__rosidl_typesupport_fastrtps_c.h
[3.596s] -- Up-to-date symlink: /home/wim/Documents/social_momentum_ros2/install/my_social_nav_interfaces/include/my_social_nav_interfaces/my_social_nav_interfaces/msg/rosidl_typesupport_fastrtps_c__visibility_control.h
[3.597s] -- Up-to-date symlink: /home/wim/Documents/social_momentum_ros2/install/my_social_nav_interfaces/include/my_social_nav_interfaces/my_social_nav_interfaces/msg/detail/human_array__builder.hpp
[3.597s] -- Up-to-date symlink: /home/wim/Documents/social_momentum_ros2/install/my_social_nav_interfaces/include/my_social_nav_interfaces/my_social_nav_interfaces/msg/detail/human_array__struct.hpp
[3.597s] -- Up-to-date symlink: /home/wim/Documents/social_momentum_ros2/install/my_social_nav_interfaces/include/my_social_nav_interfaces/my_social_nav_interfaces/msg/detail/human_array__traits.hpp
[3.598s] -- Up-to-date symlink: /home/wim/Documents/social_momentum_ros2/install/my_social_nav_interfaces/include/my_social_nav_interfaces/my_social_nav_interfaces/msg/detail/human_array__type_support.hpp
[3.598s] -- Up-to-date symlink: /home/wim/Documents/social_momentum_ros2/install/my_social_nav_interfaces/include/my_social_nav_interfaces/my_social_nav_interfaces/msg/detail/human_pose_vel__builder.hpp
[3.598s] -- Up-to-date symlink: /home/wim/Documents/social_momentum_ros2/install/my_social_nav_interfaces/include/my_social_nav_interfaces/my_social_nav_interfaces/msg/detail/human_pose_vel__struct.hpp
[3.598s] -- Up-to-date symlink: /home/wim/Documents/social_momentum_ros2/install/my_social_nav_interfaces/include/my_social_nav_interfaces/my_social_nav_interfaces/msg/detail/human_pose_vel__traits.hpp
[3.599s] -- Up-to-date symlink: /home/wim/Documents/social_momentum_ros2/install/my_social_nav_interfaces/include/my_social_nav_interfaces/my_social_nav_interfaces/msg/detail/human_pose_vel__type_support.hpp
[3.599s] -- Up-to-date symlink: /home/wim/Documents/social_momentum_ros2/install/my_social_nav_interfaces/include/my_social_nav_interfaces/my_social_nav_interfaces/msg/human_array.hpp
[3.599s] -- Up-to-date symlink: /home/wim/Documents/social_momentum_ros2/install/my_social_nav_interfaces/include/my_social_nav_interfaces/my_social_nav_interfaces/msg/human_pose_vel.hpp
[3.599s] -- Up-to-date symlink: /home/wim/Documents/social_momentum_ros2/install/my_social_nav_interfaces/include/my_social_nav_interfaces/my_social_nav_interfaces/msg/rosidl_generator_cpp__visibility_control.hpp
[3.600s] -- Up-to-date symlink: /home/wim/Documents/social_momentum_ros2/install/my_social_nav_interfaces/include/my_social_nav_interfaces/my_social_nav_interfaces/msg/detail/human_array__rosidl_typesupport_fastrtps_cpp.hpp
[3.600s] -- Up-to-date symlink: /home/wim/Documents/social_momentum_ros2/install/my_social_nav_interfaces/include/my_social_nav_interfaces/my_social_nav_interfaces/msg/detail/human_pose_vel__rosidl_typesupport_fastrtps_cpp.hpp
[3.600s] -- Up-to-date symlink: /home/wim/Documents/social_momentum_ros2/install/my_social_nav_interfaces/include/my_social_nav_interfaces/my_social_nav_interfaces/msg/rosidl_typesupport_fastrtps_cpp__visibility_control.h
[3.601s] -- Up-to-date symlink: /home/wim/Documents/social_momentum_ros2/install/my_social_nav_interfaces/include/my_social_nav_interfaces/my_social_nav_interfaces/msg/detail/human_array__rosidl_typesupport_introspection_c.h
[3.601s] -- Up-to-date symlink: /home/wim/Documents/social_momentum_ros2/install/my_social_nav_interfaces/include/my_social_nav_interfaces/my_social_nav_interfaces/msg/detail/human_pose_vel__rosidl_typesupport_introspection_c.h
[3.602s] -- Up-to-date symlink: /home/wim/Documents/social_momentum_ros2/install/my_social_nav_interfaces/include/my_social_nav_interfaces/my_social_nav_interfaces/msg/rosidl_typesupport_introspection_c__visibility_control.h
[3.603s] -- Up-to-date symlink: /home/wim/Documents/social_momentum_ros2/install/my_social_nav_interfaces/include/my_social_nav_interfaces/my_social_nav_interfaces/msg/detail/human_array__rosidl_typesupport_introspection_cpp.hpp
[3.603s] -- Up-to-date symlink: /home/wim/Documents/social_momentum_ros2/install/my_social_nav_interfaces/include/my_social_nav_interfaces/my_social_nav_interfaces/msg/detail/human_pose_vel__rosidl_typesupport_introspection_cpp.hpp
[3.603s] -- Up-to-date symlink: /home/wim/Documents/social_momentum_ros2/install/my_social_nav_interfaces/share/my_social_nav_interfaces/environment/pythonpath.sh
[3.604s] -- Up-to-date symlink: /home/wim/Documents/social_momentum_ros2/install/my_social_nav_interfaces/share/my_social_nav_interfaces/environment/pythonpath.dsv
[3.604s] -- Up-to-date symlink: /home/wim/Documents/social_momentum_ros2/install/my_social_nav_interfaces/local/lib/python3.10/dist-packages/my_social_nav_interfaces-0.0.0-py3.10.egg-info/PKG-INFO
[3.604s] -- Up-to-date symlink: /home/wim/Documents/social_momentum_ros2/install/my_social_nav_interfaces/local/lib/python3.10/dist-packages/my_social_nav_interfaces-0.0.0-py3.10.egg-info/SOURCES.txt
[3.605s] -- Up-to-date symlink: /home/wim/Documents/social_momentum_ros2/install/my_social_nav_interfaces/local/lib/python3.10/dist-packages/my_social_nav_interfaces-0.0.0-py3.10.egg-info/dependency_links.txt
[3.605s] -- Up-to-date symlink: /home/wim/Documents/social_momentum_ros2/install/my_social_nav_interfaces/local/lib/python3.10/dist-packages/my_social_nav_interfaces-0.0.0-py3.10.egg-info/top_level.txt
[3.606s] -- Up-to-date symlink: /home/wim/Documents/social_momentum_ros2/install/my_social_nav_interfaces/local/lib/python3.10/dist-packages/my_social_nav_interfaces/__init__.py
[3.607s] -- Up-to-date symlink: /home/wim/Documents/social_momentum_ros2/install/my_social_nav_interfaces/local/lib/python3.10/dist-packages/my_social_nav_interfaces/_my_social_nav_interfaces_s.ep.rosidl_typesupport_c.c
[3.607s] -- Up-to-date symlink: /home/wim/Documents/social_momentum_ros2/install/my_social_nav_interfaces/local/lib/python3.10/dist-packages/my_social_nav_interfaces/_my_social_nav_interfaces_s.ep.rosidl_typesupport_fastrtps_c.c
[3.607s] -- Up-to-date symlink: /home/wim/Documents/social_momentum_ros2/install/my_social_nav_interfaces/local/lib/python3.10/dist-packages/my_social_nav_interfaces/_my_social_nav_interfaces_s.ep.rosidl_typesupport_introspection_c.c
[3.608s] -- Up-to-date symlink: /home/wim/Documents/social_momentum_ros2/install/my_social_nav_interfaces/local/lib/python3.10/dist-packages/my_social_nav_interfaces/libmy_social_nav_interfaces__rosidl_generator_py.so
[3.608s] -- Up-to-date symlink: /home/wim/Documents/social_momentum_ros2/install/my_social_nav_interfaces/local/lib/python3.10/dist-packages/my_social_nav_interfaces/msg/__init__.py
[3.608s] -- Up-to-date symlink: /home/wim/Documents/social_momentum_ros2/install/my_social_nav_interfaces/local/lib/python3.10/dist-packages/my_social_nav_interfaces/msg/_human_array.py
[3.608s] -- Up-to-date symlink: /home/wim/Documents/social_momentum_ros2/install/my_social_nav_interfaces/local/lib/python3.10/dist-packages/my_social_nav_interfaces/msg/_human_array_s.c
[3.608s] -- Up-to-date symlink: /home/wim/Documents/social_momentum_ros2/install/my_social_nav_interfaces/local/lib/python3.10/dist-packages/my_social_nav_interfaces/msg/_human_pose_vel.py
[3.608s] -- Up-to-date symlink: /home/wim/Documents/social_momentum_ros2/install/my_social_nav_interfaces/local/lib/python3.10/dist-packages/my_social_nav_interfaces/msg/_human_pose_vel_s.c
[3.609s] -- Up-to-date symlink: /home/wim/Documents/social_momentum_ros2/install/my_social_nav_interfaces/local/lib/python3.10/dist-packages/my_social_nav_interfaces/my_social_nav_interfaces_s__rosidl_typesupport_c.cpython-310-x86_64-linux-gnu.so
[3.609s] -- Up-to-date symlink: /home/wim/Documents/social_momentum_ros2/install/my_social_nav_interfaces/local/lib/python3.10/dist-packages/my_social_nav_interfaces/my_social_nav_interfaces_s__rosidl_typesupport_fastrtps_c.cpython-310-x86_64-linux-gnu.so
[3.609s] -- Up-to-date symlink: /home/wim/Documents/social_momentum_ros2/install/my_social_nav_interfaces/local/lib/python3.10/dist-packages/my_social_nav_interfaces/my_social_nav_interfaces_s__rosidl_typesupport_introspection_c.cpython-310-x86_64-linux-gnu.so
[3.609s] -- Up-to-date symlink: /home/wim/Documents/social_momentum_ros2/install/my_social_nav_interfaces/local/lib/python3.10/dist-packages/my_social_nav_interfaces/my_social_nav_interfaces_s__rosidl_typesupport_fastrtps_c.cpython-310-x86_64-linux-gnu.so
[3.610s] -- Up-to-date symlink: /home/wim/Documents/social_momentum_ros2/install/my_social_nav_interfaces/local/lib/python3.10/dist-packages/my_social_nav_interfaces/my_social_nav_interfaces_s__rosidl_typesupport_introspection_c.cpython-310-x86_64-linux-gnu.so
[3.610s] -- Up-to-date symlink: /home/wim/Documents/social_momentum_ros2/install/my_social_nav_interfaces/local/lib/python3.10/dist-packages/my_social_nav_interfaces/my_social_nav_interfaces_s__rosidl_typesupport_c.cpython-310-x86_64-linux-gnu.so
[3.611s] -- Up-to-date symlink: /home/wim/Documents/social_momentum_ros2/install/my_social_nav_interfaces/share/my_social_nav_interfaces/msg/HumanPoseVel.idl
[3.611s] -- Up-to-date symlink: /home/wim/Documents/social_momentum_ros2/install/my_social_nav_interfaces/share/my_social_nav_interfaces/msg/HumanArray.idl
[3.611s] -- Up-to-date symlink: /home/wim/Documents/social_momentum_ros2/install/my_social_nav_interfaces/share/my_social_nav_interfaces/msg/HumanPoseVel.msg
[3.612s] -- Up-to-date symlink: /home/wim/Documents/social_momentum_ros2/install/my_social_nav_interfaces/share/my_social_nav_interfaces/msg/HumanArray.msg
[3.612s] -- Up-to-date symlink: /home/wim/Documents/social_momentum_ros2/install/my_social_nav_interfaces/share/ament_index/resource_index/package_run_dependencies/my_social_nav_interfaces
[3.612s] -- Up-to-date symlink: /home/wim/Documents/social_momentum_ros2/install/my_social_nav_interfaces/share/ament_index/resource_index/parent_prefix_path/my_social_nav_interfaces
[3.613s] -- Up-to-date symlink: /home/wim/Documents/social_momentum_ros2/install/my_social_nav_interfaces/share/my_social_nav_interfaces/environment/ament_prefix_path.sh
[3.613s] -- Up-to-date symlink: /home/wim/Documents/social_momentum_ros2/install/my_social_nav_interfaces/share/my_social_nav_interfaces/environment/ament_prefix_path.dsv
[3.613s] -- Up-to-date symlink: /home/wim/Documents/social_momentum_ros2/install/my_social_nav_interfaces/share/my_social_nav_interfaces/environment/path.sh
[3.613s] -- Up-to-date symlink: /home/wim/Documents/social_momentum_ros2/install/my_social_nav_interfaces/share/my_social_nav_interfaces/environment/path.dsv
[3.614s] -- Up-to-date symlink: /home/wim/Documents/social_momentum_ros2/install/my_social_nav_interfaces/share/my_social_nav_interfaces/local_setup.bash
[3.614s] -- Up-to-date symlink: /home/wim/Documents/social_momentum_ros2/install/my_social_nav_interfaces/share/my_social_nav_interfaces/local_setup.sh
[3.615s] -- Up-to-date symlink: /home/wim/Documents/social_momentum_ros2/install/my_social_nav_interfaces/share/my_social_nav_interfaces/local_setup.zsh
[3.615s] -- Up-to-date symlink: /home/wim/Documents/social_momentum_ros2/install/my_social_nav_interfaces/share/my_social_nav_interfaces/local_setup.dsv
[3.615s] -- Symlinking: /home/wim/Documents/social_momentum_ros2/install/my_social_nav_interfaces/share/my_social_nav_interfaces/package.dsv
[3.631s] -- Up-to-date symlink: /home/wim/Documents/social_momentum_ros2/install/my_social_nav_interfaces/share/ament_index/resource_index/packages/my_social_nav_interfaces
[3.631s] -- Up-to-date symlink: /home/wim/Documents/social_momentum_ros2/install/my_social_nav_interfaces/share/my_social_nav_interfaces/cmake/rosidl_cmake-extras.cmake
[3.631s] -- Up-to-date symlink: /home/wim/Documents/social_momentum_ros2/install/my_social_nav_interfaces/share/my_social_nav_interfaces/cmake/ament_cmake_export_dependencies-extras.cmake
[3.632s] -- Up-to-date symlink: /home/wim/Documents/social_momentum_ros2/install/my_social_nav_interfaces/share/my_social_nav_interfaces/cmake/ament_cmake_export_include_directories-extras.cmake
[3.632s] -- Up-to-date symlink: /home/wim/Documents/social_momentum_ros2/install/my_social_nav_interfaces/share/my_social_nav_interfaces/cmake/ament_cmake_export_libraries-extras.cmake
[3.632s] -- Up-to-date symlink: /home/wim/Documents/social_momentum_ros2/install/my_social_nav_interfaces/share/my_social_nav_interfaces/cmake/ament_cmake_export_targets-extras.cmake
[3.633s] -- Up-to-date symlink: /home/wim/Documents/social_momentum_ros2/install/my_social_nav_interfaces/share/my_social_nav_interfaces/cmake/rosidl_cmake_export_typesupport_targets-extras.cmake
[3.633s] -- Up-to-date symlink: /home/wim/Documents/social_momentum_ros2/install/my_social_nav_interfaces/share/my_social_nav_interfaces/cmake/rosidl_cmake_export_typesupport_libraries-extras.cmake
[3.633s] -- Up-to-date symlink: /home/wim/Documents/social_momentum_ros2/install/my_social_nav_interfaces/share/my_social_nav_interfaces/cmake/my_social_nav_interfacesConfig.cmake
[3.633s] -- Up-to-date symlink: /home/wim/Documents/social_momentum_ros2/install/my_social_nav_interfaces/share/my_social_nav_interfaces/cmake/my_social_nav_interfacesConfig-version.cmake
[3.634s] -- Up-to-date symlink: /home/wim/Documents/social_momentum_ros2/install/my_social_nav_interfaces/share/my_social_nav_interfaces/package.xml
[3.635s] -- Up-to-date: /home/wim/Documents/social_momentum_ros2/install/my_social_nav_interfaces/lib/libmy_social_nav_interfaces__rosidl_generator_c.so
[3.635s] -- Up-to-date: /home/wim/Documents/social_momentum_ros2/install/my_social_nav_interfaces/lib/libmy_social_nav_interfaces__rosidl_typesupport_fastrtps_c.so
[3.637s] -- Up-to-date: /home/wim/Documents/social_momentum_ros2/install/my_social_nav_interfaces/lib/libmy_social_nav_interfaces__rosidl_typesupport_fastrtps_cpp.so
[3.638s] -- Up-to-date: /home/wim/Documents/social_momentum_ros2/install/my_social_nav_interfaces/lib/libmy_social_nav_interfaces__rosidl_typesupport_introspection_c.so
[3.638s] -- Up-to-date: /home/wim/Documents/social_momentum_ros2/install/my_social_nav_interfaces/lib/libmy_social_nav_interfaces__rosidl_typesupport_c.so
[3.639s] -- Up-to-date: /home/wim/Documents/social_momentum_ros2/install/my_social_nav_interfaces/lib/libmy_social_nav_interfaces__rosidl_typesupport_introspection_cpp.so
[3.640s] -- Up-to-date: /home/wim/Documents/social_momentum_ros2/install/my_social_nav_interfaces/lib/libmy_social_nav_interfaces__rosidl_typesupport_cpp.so
[3.702s] Listing '/home/wim/Documents/social_momentum_ros2/install/my_social_nav_interfaces/local/lib/python3.10/dist-packages/my_social_nav_interfaces'...
[3.702s] Compiling '/home/wim/Documents/social_momentum_ros2/install/my_social_nav_interfaces/local/lib/python3.10/dist-packages/my_social_nav_interfaces/__init__.py'...
[3.702s] Listing '/home/wim/Documents/social_momentum_ros2/install/my_social_nav_interfaces/local/lib/python3.10/dist-packages/my_social_nav_interfaces/msg'...
[3.711s] -- Up-to-date: /home/wim/Documents/social_momentum_ros2/install/my_social_nav_interfaces/lib/libmy_social_nav_interfaces__rosidl_generator_py.so
[3.711s] -- Up-to-date: /home/wim/Documents/social_momentum_ros2/install/my_social_nav_interfaces/share/my_social_nav_interfaces/cmake/export_my_social_nav_interfaces__rosidl_generator_cExport.cmake
[3.711s] -- Up-to-date: /home/wim/Documents/social_momentum_ros2/install/my_social_nav_interfaces/share/my_social_nav_interfaces/cmake/export_my_social_nav_interfaces__rosidl_generator_cExport-noconfig.cmake
[3.711s] -- Up-to-date: /home/wim/Documents/social_momentum_ros2/install/my_social_nav_interfaces/share/my_social_nav_interfaces/cmake/export_my_social_nav_interfaces__rosidl_typesupport_fastrtps_cExport.cmake
[3.712s] -- Up-to-date: /home/wim/Documents/social_momentum_ros2/install/my_social_nav_interfaces/share/my_social_nav_interfaces/cmake/export_my_social_nav_interfaces__rosidl_typesupport_fastrtps_cExport-noconfig.cmake
[3.712s] -- Up-to-date: /home/wim/Documents/social_momentum_ros2/install/my_social_nav_interfaces/share/my_social_nav_interfaces/cmake/export_my_social_nav_interfaces__rosidl_generator_cppExport.cmake
[3.712s] -- Up-to-date: /home/wim/Documents/social_momentum_ros2/install/my_social_nav_interfaces/share/my_social_nav_interfaces/cmake/export_my_social_nav_interfaces__rosidl_typesupport_fastrtps_cppExport.cmake
[3.712s] -- Up-to-date: /home/wim/Documents/social_momentum_ros2/install/my_social_nav_interfaces/share/my_social_nav_interfaces/cmake/export_my_social_nav_interfaces__rosidl_typesupport_fastrtps_cppExport-noconfig.cmake
[3.713s] -- Up-to-date: /home/wim/Documents/social_momentum_ros2/install/my_social_nav_interfaces/share/my_social_nav_interfaces/cmake/my_social_nav_interfaces__rosidl_typesupport_introspection_cExport.cmake
[3.713s] -- Up-to-date: /home/wim/Documents/social_momentum_ros2/install/my_social_nav_interfaces/share/my_social_nav_interfaces/cmake/my_social_nav_interfaces__rosidl_typesupport_introspection_cExport-noconfig.cmake
[3.713s] -- Up-to-date: /home/wim/Documents/social_momentum_ros2/install/my_social_nav_interfaces/share/my_social_nav_interfaces/cmake/my_social_nav_interfaces__rosidl_typesupport_cExport.cmake
[3.713s] -- Up-to-date: /home/wim/Documents/social_momentum_ros2/install/my_social_nav_interfaces/share/my_social_nav_interfaces/cmake/my_social_nav_interfaces__rosidl_typesupport_cExport-noconfig.cmake
[3.713s] -- Up-to-date: /home/wim/Documents/social_momentum_ros2/install/my_social_nav_interfaces/share/my_social_nav_interfaces/cmake/my_social_nav_interfaces__rosidl_typesupport_introspection_cppExport.cmake
[3.714s] -- Up-to-date: /home/wim/Documents/social_momentum_ros2/install/my_social_nav_interfaces/share/my_social_nav_interfaces/cmake/my_social_nav_interfaces__rosidl_typesupport_introspection_cppExport-noconfig.cmake
[3.714s] -- Up-to-date: /home/wim/Documents/social_momentum_ros2/install/my_social_nav_interfaces/share/my_social_nav_interfaces/cmake/my_social_nav_interfaces__rosidl_typesupport_cppExport.cmake
[3.714s] -- Up-to-date: /home/wim/Documents/social_momentum_ros2/install/my_social_nav_interfaces/share/my_social_nav_interfaces/cmake/my_social_nav_interfaces__rosidl_typesupport_cppExport-noconfig.cmake
[3.714s] -- Up-to-date: /home/wim/Documents/social_momentum_ros2/install/my_social_nav_interfaces/share/my_social_nav_interfaces/cmake/export_my_social_nav_interfaces__rosidl_generator_pyExport.cmake
[3.714s] -- Up-to-date: /home/wim/Documents/social_momentum_ros2/install/my_social_nav_interfaces/share/my_social_nav_interfaces/cmake/export_my_social_nav_interfaces__rosidl_generator_pyExport-noconfig.cmake
[3.718s] Invoked command in '/home/wim/Documents/social_momentum_ros2/build/my_social_nav_interfaces' returned '0': CMAKE_PREFIX_PATH=${CMAKE_PREFIX_PATH}:/home/wim/Documents/social_momentum_ros2/install/my_social_nav_pkg:/opt/ros/humble /usr/bin/cmake --install /home/wim/Documents/social_momentum_ros2/build/my_social_nav_interfaces
