[0.540s] Invoking command in '/home/wim/Documents/social_momentum_ros2/build/my_social_nav_pkg': PYTHONPATH=/home/wim/Documents/social_momentum_ros2/build/my_social_nav_pkg/prefix_override:/usr/lib/python3/dist-packages/colcon_core/task/python/colcon_distutils_commands:/home/wim/Documents/social_momentum_ros2/install/my_social_nav_pkg/lib/python3.10/site-packages:${PYTHONPATH} /usr/bin/python3 -W ignore:setup.py install is deprecated -W ignore:easy_install command is deprecated setup.py develop --editable --build-directory /home/wim/Documents/social_momentum_ros2/build/my_social_nav_pkg/build --no-deps symlink_data
[0.770s] running develop
[0.907s] running egg_info
[0.907s] creating my_social_nav_pkg.egg-info
[0.907s] writing my_social_nav_pkg.egg-info/PKG-INFO
[0.907s] writing dependency_links to my_social_nav_pkg.egg-info/dependency_links.txt
[0.908s] writing entry points to my_social_nav_pkg.egg-info/entry_points.txt
[0.908s] writing requirements to my_social_nav_pkg.egg-info/requires.txt
[0.908s] writing top-level names to my_social_nav_pkg.egg-info/top_level.txt
[0.908s] writing manifest file 'my_social_nav_pkg.egg-info/SOURCES.txt'
[0.910s] reading manifest file 'my_social_nav_pkg.egg-info/SOURCES.txt'
[0.910s] writing manifest file 'my_social_nav_pkg.egg-info/SOURCES.txt'
[0.911s] running build_ext
[0.912s] Creating /home/wim/Documents/social_momentum_ros2/install/my_social_nav_pkg/lib/python3.10/site-packages/my-social-nav-pkg.egg-link (link to .)
[0.912s] Installing social_planner_node script to /home/wim/Documents/social_momentum_ros2/install/my_social_nav_pkg/lib/my_social_nav_pkg
[0.912s] 
[0.913s] Installed /home/wim/Documents/social_momentum_ros2/build/my_social_nav_pkg
[0.913s] running symlink_data
[0.913s] creating /home/wim/Documents/social_momentum_ros2/install/my_social_nav_pkg/share/ament_index
[0.913s] creating /home/wim/Documents/social_momentum_ros2/install/my_social_nav_pkg/share/ament_index/resource_index
[0.913s] creating /home/wim/Documents/social_momentum_ros2/install/my_social_nav_pkg/share/ament_index/resource_index/packages
[0.913s] symbolically linking /home/wim/Documents/social_momentum_ros2/build/my_social_nav_pkg/resource/my_social_nav_pkg -> /home/wim/Documents/social_momentum_ros2/install/my_social_nav_pkg/share/ament_index/resource_index/packages
[0.913s] symbolically linking /home/wim/Documents/social_momentum_ros2/build/my_social_nav_pkg/package.xml -> /home/wim/Documents/social_momentum_ros2/install/my_social_nav_pkg/share/my_social_nav_pkg
[0.935s] Invoked command in '/home/wim/Documents/social_momentum_ros2/build/my_social_nav_pkg' returned '0': PYTHONPATH=/home/wim/Documents/social_momentum_ros2/build/my_social_nav_pkg/prefix_override:/usr/lib/python3/dist-packages/colcon_core/task/python/colcon_distutils_commands:/home/wim/Documents/social_momentum_ros2/install/my_social_nav_pkg/lib/python3.10/site-packages:${PYTHONPATH} /usr/bin/python3 -W ignore:setup.py install is deprecated -W ignore:easy_install command is deprecated setup.py develop --editable --build-directory /home/wim/Documents/social_momentum_ros2/build/my_social_nav_pkg/build --no-deps symlink_data
