[0.017s] Invoking command in '/home/wim/Documents/social_momentum_ros2/build/my_social_nav_interfaces': CMAKE_PREFIX_PATH=${CMAKE_PREFIX_PATH}:/home/wim/Documents/social_momentum_ros2/install/my_social_nav_pkg:/opt/ros/humble /usr/bin/cmake --build /home/wim/Documents/social_momentum_ros2/build/my_social_nav_interfaces -- -j12 -l12
[0.067s] [ 10%] Built target my_social_nav_interfaces__cpp
[0.067s] [ 12%] Built target my_social_nav_interfaces__rosidl_generator_c
[0.076s] [ 12%] Built target ament_cmake_python_symlink_my_social_nav_interfaces
[0.094s] [ 23%] Built target my_social_nav_interfaces__rosidl_typesupport_introspection_c
[0.098s] [ 33%] Built target my_social_nav_interfaces__rosidl_typesupport_c
[0.101s] [ 53%] Built target my_social_nav_interfaces__rosidl_typesupport_introspection_cpp
[0.101s] [ 53%] Built target my_social_nav_interfaces__rosidl_typesupport_fastrtps_c
[0.107s] [ 74%] Built target my_social_nav_interfaces__rosidl_typesupport_cpp
[0.108s] [ 74%] Built target my_social_nav_interfaces__rosidl_typesupport_fastrtps_cpp
[0.128s] [ 74%] Built target my_social_nav_interfaces
[0.149s] [ 76%] Built target my_social_nav_interfaces__py
[0.170s] [ 84%] Built target my_social_nav_interfaces__rosidl_generator_py
[0.193s] [100%] Built target my_social_nav_interfaces__rosidl_typesupport_c__pyext
[0.193s] [100%] Built target my_social_nav_interfaces__rosidl_typesupport_fastrtps_c__pyext
[0.193s] [100%] Built target my_social_nav_interfaces__rosidl_typesupport_introspection_c__pyext
[0.328s] running egg_info
[0.329s] writing my_social_nav_interfaces.egg-info/PKG-INFO
[0.329s] writing dependency_links to my_social_nav_interfaces.egg-info/dependency_links.txt
[0.330s] writing top-level names to my_social_nav_interfaces.egg-info/top_level.txt
[0.332s] reading manifest file 'my_social_nav_interfaces.egg-info/SOURCES.txt'
[0.332s] writing manifest file 'my_social_nav_interfaces.egg-info/SOURCES.txt'
[0.360s] [100%] Built target ament_cmake_python_build_my_social_nav_interfaces_egg
[0.372s] Invoked command in '/home/wim/Documents/social_momentum_ros2/build/my_social_nav_interfaces' returned '0': CMAKE_PREFIX_PATH=${CMAKE_PREFIX_PATH}:/home/wim/Documents/social_momentum_ros2/install/my_social_nav_pkg:/opt/ros/humble /usr/bin/cmake --build /home/wim/Documents/social_momentum_ros2/build/my_social_nav_interfaces -- -j12 -l12
[0.382s] Invoking command in '/home/wim/Documents/social_momentum_ros2/build/my_social_nav_interfaces': CMAKE_PREFIX_PATH=${CMAKE_PREFIX_PATH}:/home/wim/Documents/social_momentum_ros2/install/my_social_nav_pkg:/opt/ros/humble /usr/bin/cmake --install /home/wim/Documents/social_momentum_ros2/build/my_social_nav_interfaces
[0.389s] -- Install configuration: ""
[0.390s] -- Execute custom install script
[0.390s] -- Up-to-date symlink: /home/wim/Documents/social_momentum_ros2/install/my_social_nav_interfaces/share/ament_index/resource_index/rosidl_interfaces/my_social_nav_interfaces
[0.391s] -- Up-to-date symlink: /home/wim/Documents/social_momentum_ros2/install/my_social_nav_interfaces/include/my_social_nav_interfaces/my_social_nav_interfaces/msg/detail/human_array__functions.h
[0.391s] -- Up-to-date symlink: /home/wim/Documents/social_momentum_ros2/install/my_social_nav_interfaces/include/my_social_nav_interfaces/my_social_nav_interfaces/msg/detail/human_array__struct.h
[0.391s] -- Up-to-date symlink: /home/wim/Documents/social_momentum_ros2/install/my_social_nav_interfaces/include/my_social_nav_interfaces/my_social_nav_interfaces/msg/detail/human_array__type_support.h
[0.391s] -- Up-to-date symlink: /home/wim/Documents/social_momentum_ros2/install/my_social_nav_interfaces/include/my_social_nav_interfaces/my_social_nav_interfaces/msg/detail/human_pose_vel__functions.h
[0.392s] -- Up-to-date symlink: /home/wim/Documents/social_momentum_ros2/install/my_social_nav_interfaces/include/my_social_nav_interfaces/my_social_nav_interfaces/msg/detail/human_pose_vel__struct.h
[0.392s] -- Up-to-date symlink: /home/wim/Documents/social_momentum_ros2/install/my_social_nav_interfaces/include/my_social_nav_interfaces/my_social_nav_interfaces/msg/detail/human_pose_vel__type_support.h
[0.392s] -- Up-to-date symlink: /home/wim/Documents/social_momentum_ros2/install/my_social_nav_interfaces/include/my_social_nav_interfaces/my_social_nav_interfaces/msg/human_array.h
[0.392s] -- Up-to-date symlink: /home/wim/Documents/social_momentum_ros2/install/my_social_nav_interfaces/include/my_social_nav_interfaces/my_social_nav_interfaces/msg/human_pose_vel.h
[0.392s] -- Up-to-date symlink: /home/wim/Documents/social_momentum_ros2/install/my_social_nav_interfaces/include/my_social_nav_interfaces/my_social_nav_interfaces/msg/rosidl_generator_c__visibility_control.h
[0.392s] -- Up-to-date symlink: /home/wim/Documents/social_momentum_ros2/install/my_social_nav_interfaces/share/my_social_nav_interfaces/environment/library_path.sh
[0.393s] -- Up-to-date symlink: /home/wim/Documents/social_momentum_ros2/install/my_social_nav_interfaces/share/my_social_nav_interfaces/environment/library_path.dsv
[0.393s] -- Up-to-date symlink: /home/wim/Documents/social_momentum_ros2/install/my_social_nav_interfaces/include/my_social_nav_interfaces/my_social_nav_interfaces/msg/detail/human_array__rosidl_typesupport_fastrtps_c.h
[0.394s] -- Up-to-date symlink: /home/wim/Documents/social_momentum_ros2/install/my_social_nav_interfaces/include/my_social_nav_interfaces/my_social_nav_interfaces/msg/detail/human_pose_vel__rosidl_typesupport_fastrtps_c.h
[0.394s] -- Up-to-date symlink: /home/wim/Documents/social_momentum_ros2/install/my_social_nav_interfaces/include/my_social_nav_interfaces/my_social_nav_interfaces/msg/rosidl_typesupport_fastrtps_c__visibility_control.h
[0.394s] -- Up-to-date symlink: /home/wim/Documents/social_momentum_ros2/install/my_social_nav_interfaces/include/my_social_nav_interfaces/my_social_nav_interfaces/msg/detail/human_array__builder.hpp
[0.394s] -- Up-to-date symlink: /home/wim/Documents/social_momentum_ros2/install/my_social_nav_interfaces/include/my_social_nav_interfaces/my_social_nav_interfaces/msg/detail/human_array__struct.hpp
[0.395s] -- Up-to-date symlink: /home/wim/Documents/social_momentum_ros2/install/my_social_nav_interfaces/include/my_social_nav_interfaces/my_social_nav_interfaces/msg/detail/human_array__traits.hpp
[0.395s] -- Up-to-date symlink: /home/wim/Documents/social_momentum_ros2/install/my_social_nav_interfaces/include/my_social_nav_interfaces/my_social_nav_interfaces/msg/detail/human_array__type_support.hpp
[0.395s] -- Up-to-date symlink: /home/wim/Documents/social_momentum_ros2/install/my_social_nav_interfaces/include/my_social_nav_interfaces/my_social_nav_interfaces/msg/detail/human_pose_vel__builder.hpp
[0.395s] -- Up-to-date symlink: /home/wim/Documents/social_momentum_ros2/install/my_social_nav_interfaces/include/my_social_nav_interfaces/my_social_nav_interfaces/msg/detail/human_pose_vel__struct.hpp
[0.395s] -- Up-to-date symlink: /home/wim/Documents/social_momentum_ros2/install/my_social_nav_interfaces/include/my_social_nav_interfaces/my_social_nav_interfaces/msg/detail/human_pose_vel__traits.hpp
[0.395s] -- Up-to-date symlink: /home/wim/Documents/social_momentum_ros2/install/my_social_nav_interfaces/include/my_social_nav_interfaces/my_social_nav_interfaces/msg/detail/human_pose_vel__type_support.hpp
[0.396s] -- Up-to-date symlink: /home/wim/Documents/social_momentum_ros2/install/my_social_nav_interfaces/include/my_social_nav_interfaces/my_social_nav_interfaces/msg/human_array.hpp
[0.396s] -- Up-to-date symlink: /home/wim/Documents/social_momentum_ros2/install/my_social_nav_interfaces/include/my_social_nav_interfaces/my_social_nav_interfaces/msg/human_pose_vel.hpp
[0.396s] -- Up-to-date symlink: /home/wim/Documents/social_momentum_ros2/install/my_social_nav_interfaces/include/my_social_nav_interfaces/my_social_nav_interfaces/msg/rosidl_generator_cpp__visibility_control.hpp
[0.397s] -- Up-to-date symlink: /home/wim/Documents/social_momentum_ros2/install/my_social_nav_interfaces/include/my_social_nav_interfaces/my_social_nav_interfaces/msg/detail/human_array__rosidl_typesupport_fastrtps_cpp.hpp
[0.397s] -- Up-to-date symlink: /home/wim/Documents/social_momentum_ros2/install/my_social_nav_interfaces/include/my_social_nav_interfaces/my_social_nav_interfaces/msg/detail/human_pose_vel__rosidl_typesupport_fastrtps_cpp.hpp
[0.397s] -- Up-to-date symlink: /home/wim/Documents/social_momentum_ros2/install/my_social_nav_interfaces/include/my_social_nav_interfaces/my_social_nav_interfaces/msg/rosidl_typesupport_fastrtps_cpp__visibility_control.h
[0.398s] -- Up-to-date symlink: /home/wim/Documents/social_momentum_ros2/install/my_social_nav_interfaces/include/my_social_nav_interfaces/my_social_nav_interfaces/msg/detail/human_array__rosidl_typesupport_introspection_c.h
[0.398s] -- Up-to-date symlink: /home/wim/Documents/social_momentum_ros2/install/my_social_nav_interfaces/include/my_social_nav_interfaces/my_social_nav_interfaces/msg/detail/human_pose_vel__rosidl_typesupport_introspection_c.h
[0.398s] -- Up-to-date symlink: /home/wim/Documents/social_momentum_ros2/install/my_social_nav_interfaces/include/my_social_nav_interfaces/my_social_nav_interfaces/msg/rosidl_typesupport_introspection_c__visibility_control.h
[0.398s] -- Up-to-date symlink: /home/wim/Documents/social_momentum_ros2/install/my_social_nav_interfaces/include/my_social_nav_interfaces/my_social_nav_interfaces/msg/detail/human_array__rosidl_typesupport_introspection_cpp.hpp
[0.399s] -- Up-to-date symlink: /home/wim/Documents/social_momentum_ros2/install/my_social_nav_interfaces/include/my_social_nav_interfaces/my_social_nav_interfaces/msg/detail/human_pose_vel__rosidl_typesupport_introspection_cpp.hpp
[0.399s] -- Up-to-date symlink: /home/wim/Documents/social_momentum_ros2/install/my_social_nav_interfaces/share/my_social_nav_interfaces/environment/pythonpath.sh
[0.399s] -- Up-to-date symlink: /home/wim/Documents/social_momentum_ros2/install/my_social_nav_interfaces/share/my_social_nav_interfaces/environment/pythonpath.dsv
[0.399s] -- Up-to-date symlink: /home/wim/Documents/social_momentum_ros2/install/my_social_nav_interfaces/local/lib/python3.10/dist-packages/my_social_nav_interfaces-0.0.0-py3.10.egg-info/PKG-INFO
[0.400s] -- Up-to-date symlink: /home/wim/Documents/social_momentum_ros2/install/my_social_nav_interfaces/local/lib/python3.10/dist-packages/my_social_nav_interfaces-0.0.0-py3.10.egg-info/SOURCES.txt
[0.400s] -- Up-to-date symlink: /home/wim/Documents/social_momentum_ros2/install/my_social_nav_interfaces/local/lib/python3.10/dist-packages/my_social_nav_interfaces-0.0.0-py3.10.egg-info/dependency_links.txt
[0.400s] -- Up-to-date symlink: /home/wim/Documents/social_momentum_ros2/install/my_social_nav_interfaces/local/lib/python3.10/dist-packages/my_social_nav_interfaces-0.0.0-py3.10.egg-info/top_level.txt
[0.401s] -- Up-to-date symlink: /home/wim/Documents/social_momentum_ros2/install/my_social_nav_interfaces/local/lib/python3.10/dist-packages/my_social_nav_interfaces/__init__.py
[0.401s] -- Up-to-date symlink: /home/wim/Documents/social_momentum_ros2/install/my_social_nav_interfaces/local/lib/python3.10/dist-packages/my_social_nav_interfaces/_my_social_nav_interfaces_s.ep.rosidl_typesupport_c.c
[0.401s] -- Up-to-date symlink: /home/wim/Documents/social_momentum_ros2/install/my_social_nav_interfaces/local/lib/python3.10/dist-packages/my_social_nav_interfaces/_my_social_nav_interfaces_s.ep.rosidl_typesupport_fastrtps_c.c
[0.401s] -- Up-to-date symlink: /home/wim/Documents/social_momentum_ros2/install/my_social_nav_interfaces/local/lib/python3.10/dist-packages/my_social_nav_interfaces/_my_social_nav_interfaces_s.ep.rosidl_typesupport_introspection_c.c
[0.402s] -- Up-to-date symlink: /home/wim/Documents/social_momentum_ros2/install/my_social_nav_interfaces/local/lib/python3.10/dist-packages/my_social_nav_interfaces/libmy_social_nav_interfaces__rosidl_generator_py.so
[0.402s] -- Up-to-date symlink: /home/wim/Documents/social_momentum_ros2/install/my_social_nav_interfaces/local/lib/python3.10/dist-packages/my_social_nav_interfaces/msg/__init__.py
[0.402s] -- Up-to-date symlink: /home/wim/Documents/social_momentum_ros2/install/my_social_nav_interfaces/local/lib/python3.10/dist-packages/my_social_nav_interfaces/msg/_human_array.py
[0.402s] -- Up-to-date symlink: /home/wim/Documents/social_momentum_ros2/install/my_social_nav_interfaces/local/lib/python3.10/dist-packages/my_social_nav_interfaces/msg/_human_array_s.c
[0.402s] -- Up-to-date symlink: /home/wim/Documents/social_momentum_ros2/install/my_social_nav_interfaces/local/lib/python3.10/dist-packages/my_social_nav_interfaces/msg/_human_pose_vel.py
[0.402s] -- Up-to-date symlink: /home/wim/Documents/social_momentum_ros2/install/my_social_nav_interfaces/local/lib/python3.10/dist-packages/my_social_nav_interfaces/msg/_human_pose_vel_s.c
[0.403s] -- Up-to-date symlink: /home/wim/Documents/social_momentum_ros2/install/my_social_nav_interfaces/local/lib/python3.10/dist-packages/my_social_nav_interfaces/my_social_nav_interfaces_s__rosidl_typesupport_c.cpython-310-x86_64-linux-gnu.so
[0.403s] -- Up-to-date symlink: /home/wim/Documents/social_momentum_ros2/install/my_social_nav_interfaces/local/lib/python3.10/dist-packages/my_social_nav_interfaces/my_social_nav_interfaces_s__rosidl_typesupport_fastrtps_c.cpython-310-x86_64-linux-gnu.so
[0.403s] -- Up-to-date symlink: /home/wim/Documents/social_momentum_ros2/install/my_social_nav_interfaces/local/lib/python3.10/dist-packages/my_social_nav_interfaces/my_social_nav_interfaces_s__rosidl_typesupport_introspection_c.cpython-310-x86_64-linux-gnu.so
[0.403s] -- Up-to-date symlink: /home/wim/Documents/social_momentum_ros2/install/my_social_nav_interfaces/local/lib/python3.10/dist-packages/my_social_nav_interfaces/my_social_nav_interfaces_s__rosidl_typesupport_fastrtps_c.cpython-310-x86_64-linux-gnu.so
[0.404s] -- Up-to-date symlink: /home/wim/Documents/social_momentum_ros2/install/my_social_nav_interfaces/local/lib/python3.10/dist-packages/my_social_nav_interfaces/my_social_nav_interfaces_s__rosidl_typesupport_introspection_c.cpython-310-x86_64-linux-gnu.so
[0.404s] -- Up-to-date symlink: /home/wim/Documents/social_momentum_ros2/install/my_social_nav_interfaces/local/lib/python3.10/dist-packages/my_social_nav_interfaces/my_social_nav_interfaces_s__rosidl_typesupport_c.cpython-310-x86_64-linux-gnu.so
[0.404s] -- Up-to-date symlink: /home/wim/Documents/social_momentum_ros2/install/my_social_nav_interfaces/share/my_social_nav_interfaces/msg/HumanPoseVel.idl
[0.404s] -- Up-to-date symlink: /home/wim/Documents/social_momentum_ros2/install/my_social_nav_interfaces/share/my_social_nav_interfaces/msg/HumanArray.idl
[0.405s] -- Up-to-date symlink: /home/wim/Documents/social_momentum_ros2/install/my_social_nav_interfaces/share/my_social_nav_interfaces/msg/HumanPoseVel.msg
[0.405s] -- Up-to-date symlink: /home/wim/Documents/social_momentum_ros2/install/my_social_nav_interfaces/share/my_social_nav_interfaces/msg/HumanArray.msg
[0.405s] -- Up-to-date symlink: /home/wim/Documents/social_momentum_ros2/install/my_social_nav_interfaces/share/ament_index/resource_index/package_run_dependencies/my_social_nav_interfaces
[0.405s] -- Up-to-date symlink: /home/wim/Documents/social_momentum_ros2/install/my_social_nav_interfaces/share/ament_index/resource_index/parent_prefix_path/my_social_nav_interfaces
[0.406s] -- Up-to-date symlink: /home/wim/Documents/social_momentum_ros2/install/my_social_nav_interfaces/share/my_social_nav_interfaces/environment/ament_prefix_path.sh
[0.406s] -- Up-to-date symlink: /home/wim/Documents/social_momentum_ros2/install/my_social_nav_interfaces/share/my_social_nav_interfaces/environment/ament_prefix_path.dsv
[0.406s] -- Up-to-date symlink: /home/wim/Documents/social_momentum_ros2/install/my_social_nav_interfaces/share/my_social_nav_interfaces/environment/path.sh
[0.406s] -- Up-to-date symlink: /home/wim/Documents/social_momentum_ros2/install/my_social_nav_interfaces/share/my_social_nav_interfaces/environment/path.dsv
[0.407s] -- Up-to-date symlink: /home/wim/Documents/social_momentum_ros2/install/my_social_nav_interfaces/share/my_social_nav_interfaces/local_setup.bash
[0.407s] -- Up-to-date symlink: /home/wim/Documents/social_momentum_ros2/install/my_social_nav_interfaces/share/my_social_nav_interfaces/local_setup.sh
[0.407s] -- Up-to-date symlink: /home/wim/Documents/social_momentum_ros2/install/my_social_nav_interfaces/share/my_social_nav_interfaces/local_setup.zsh
[0.407s] -- Up-to-date symlink: /home/wim/Documents/social_momentum_ros2/install/my_social_nav_interfaces/share/my_social_nav_interfaces/local_setup.dsv
[0.407s] -- Symlinking: /home/wim/Documents/social_momentum_ros2/install/my_social_nav_interfaces/share/my_social_nav_interfaces/package.dsv
[0.416s] -- Up-to-date symlink: /home/wim/Documents/social_momentum_ros2/install/my_social_nav_interfaces/share/ament_index/resource_index/packages/my_social_nav_interfaces
[0.416s] -- Up-to-date symlink: /home/wim/Documents/social_momentum_ros2/install/my_social_nav_interfaces/share/my_social_nav_interfaces/cmake/rosidl_cmake-extras.cmake
[0.416s] -- Up-to-date symlink: /home/wim/Documents/social_momentum_ros2/install/my_social_nav_interfaces/share/my_social_nav_interfaces/cmake/ament_cmake_export_dependencies-extras.cmake
[0.417s] -- Up-to-date symlink: /home/wim/Documents/social_momentum_ros2/install/my_social_nav_interfaces/share/my_social_nav_interfaces/cmake/ament_cmake_export_include_directories-extras.cmake
[0.417s] -- Up-to-date symlink: /home/wim/Documents/social_momentum_ros2/install/my_social_nav_interfaces/share/my_social_nav_interfaces/cmake/ament_cmake_export_libraries-extras.cmake
[0.417s] -- Up-to-date symlink: /home/wim/Documents/social_momentum_ros2/install/my_social_nav_interfaces/share/my_social_nav_interfaces/cmake/ament_cmake_export_targets-extras.cmake
[0.417s] -- Up-to-date symlink: /home/wim/Documents/social_momentum_ros2/install/my_social_nav_interfaces/share/my_social_nav_interfaces/cmake/rosidl_cmake_export_typesupport_targets-extras.cmake
[0.418s] -- Up-to-date symlink: /home/wim/Documents/social_momentum_ros2/install/my_social_nav_interfaces/share/my_social_nav_interfaces/cmake/rosidl_cmake_export_typesupport_libraries-extras.cmake
[0.418s] -- Up-to-date symlink: /home/wim/Documents/social_momentum_ros2/install/my_social_nav_interfaces/share/my_social_nav_interfaces/cmake/my_social_nav_interfacesConfig.cmake
[0.418s] -- Up-to-date symlink: /home/wim/Documents/social_momentum_ros2/install/my_social_nav_interfaces/share/my_social_nav_interfaces/cmake/my_social_nav_interfacesConfig-version.cmake
[0.418s] -- Up-to-date symlink: /home/wim/Documents/social_momentum_ros2/install/my_social_nav_interfaces/share/my_social_nav_interfaces/package.xml
[0.419s] -- Up-to-date: /home/wim/Documents/social_momentum_ros2/install/my_social_nav_interfaces/lib/libmy_social_nav_interfaces__rosidl_generator_c.so
[0.419s] -- Up-to-date: /home/wim/Documents/social_momentum_ros2/install/my_social_nav_interfaces/lib/libmy_social_nav_interfaces__rosidl_typesupport_fastrtps_c.so
[0.420s] -- Up-to-date: /home/wim/Documents/social_momentum_ros2/install/my_social_nav_interfaces/lib/libmy_social_nav_interfaces__rosidl_typesupport_fastrtps_cpp.so
[0.420s] -- Up-to-date: /home/wim/Documents/social_momentum_ros2/install/my_social_nav_interfaces/lib/libmy_social_nav_interfaces__rosidl_typesupport_introspection_c.so
[0.420s] -- Up-to-date: /home/wim/Documents/social_momentum_ros2/install/my_social_nav_interfaces/lib/libmy_social_nav_interfaces__rosidl_typesupport_c.so
[0.421s] -- Up-to-date: /home/wim/Documents/social_momentum_ros2/install/my_social_nav_interfaces/lib/libmy_social_nav_interfaces__rosidl_typesupport_introspection_cpp.so
[0.421s] -- Up-to-date: /home/wim/Documents/social_momentum_ros2/install/my_social_nav_interfaces/lib/libmy_social_nav_interfaces__rosidl_typesupport_cpp.so
[0.452s] Listing '/home/wim/Documents/social_momentum_ros2/install/my_social_nav_interfaces/local/lib/python3.10/dist-packages/my_social_nav_interfaces'...
[0.452s] Listing '/home/wim/Documents/social_momentum_ros2/install/my_social_nav_interfaces/local/lib/python3.10/dist-packages/my_social_nav_interfaces/msg'...
[0.456s] -- Up-to-date: /home/wim/Documents/social_momentum_ros2/install/my_social_nav_interfaces/lib/libmy_social_nav_interfaces__rosidl_generator_py.so
[0.456s] -- Up-to-date: /home/wim/Documents/social_momentum_ros2/install/my_social_nav_interfaces/share/my_social_nav_interfaces/cmake/export_my_social_nav_interfaces__rosidl_generator_cExport.cmake
[0.457s] -- Up-to-date: /home/wim/Documents/social_momentum_ros2/install/my_social_nav_interfaces/share/my_social_nav_interfaces/cmake/export_my_social_nav_interfaces__rosidl_generator_cExport-noconfig.cmake
[0.457s] -- Up-to-date: /home/wim/Documents/social_momentum_ros2/install/my_social_nav_interfaces/share/my_social_nav_interfaces/cmake/export_my_social_nav_interfaces__rosidl_typesupport_fastrtps_cExport.cmake
[0.457s] -- Up-to-date: /home/wim/Documents/social_momentum_ros2/install/my_social_nav_interfaces/share/my_social_nav_interfaces/cmake/export_my_social_nav_interfaces__rosidl_typesupport_fastrtps_cExport-noconfig.cmake
[0.457s] -- Up-to-date: /home/wim/Documents/social_momentum_ros2/install/my_social_nav_interfaces/share/my_social_nav_interfaces/cmake/export_my_social_nav_interfaces__rosidl_generator_cppExport.cmake
[0.457s] -- Up-to-date: /home/wim/Documents/social_momentum_ros2/install/my_social_nav_interfaces/share/my_social_nav_interfaces/cmake/export_my_social_nav_interfaces__rosidl_typesupport_fastrtps_cppExport.cmake
[0.457s] -- Up-to-date: /home/wim/Documents/social_momentum_ros2/install/my_social_nav_interfaces/share/my_social_nav_interfaces/cmake/export_my_social_nav_interfaces__rosidl_typesupport_fastrtps_cppExport-noconfig.cmake
[0.457s] -- Up-to-date: /home/wim/Documents/social_momentum_ros2/install/my_social_nav_interfaces/share/my_social_nav_interfaces/cmake/my_social_nav_interfaces__rosidl_typesupport_introspection_cExport.cmake
[0.457s] -- Up-to-date: /home/wim/Documents/social_momentum_ros2/install/my_social_nav_interfaces/share/my_social_nav_interfaces/cmake/my_social_nav_interfaces__rosidl_typesupport_introspection_cExport-noconfig.cmake
[0.457s] -- Up-to-date: /home/wim/Documents/social_momentum_ros2/install/my_social_nav_interfaces/share/my_social_nav_interfaces/cmake/my_social_nav_interfaces__rosidl_typesupport_cExport.cmake
[0.458s] -- Up-to-date: /home/wim/Documents/social_momentum_ros2/install/my_social_nav_interfaces/share/my_social_nav_interfaces/cmake/my_social_nav_interfaces__rosidl_typesupport_cExport-noconfig.cmake
[0.458s] -- Up-to-date: /home/wim/Documents/social_momentum_ros2/install/my_social_nav_interfaces/share/my_social_nav_interfaces/cmake/my_social_nav_interfaces__rosidl_typesupport_introspection_cppExport.cmake
[0.458s] -- Up-to-date: /home/wim/Documents/social_momentum_ros2/install/my_social_nav_interfaces/share/my_social_nav_interfaces/cmake/my_social_nav_interfaces__rosidl_typesupport_introspection_cppExport-noconfig.cmake
[0.458s] -- Up-to-date: /home/wim/Documents/social_momentum_ros2/install/my_social_nav_interfaces/share/my_social_nav_interfaces/cmake/my_social_nav_interfaces__rosidl_typesupport_cppExport.cmake
[0.458s] -- Up-to-date: /home/wim/Documents/social_momentum_ros2/install/my_social_nav_interfaces/share/my_social_nav_interfaces/cmake/my_social_nav_interfaces__rosidl_typesupport_cppExport-noconfig.cmake
[0.458s] -- Up-to-date: /home/wim/Documents/social_momentum_ros2/install/my_social_nav_interfaces/share/my_social_nav_interfaces/cmake/export_my_social_nav_interfaces__rosidl_generator_pyExport.cmake
[0.458s] -- Up-to-date: /home/wim/Documents/social_momentum_ros2/install/my_social_nav_interfaces/share/my_social_nav_interfaces/cmake/export_my_social_nav_interfaces__rosidl_generator_pyExport-noconfig.cmake
[0.460s] Invoked command in '/home/wim/Documents/social_momentum_ros2/build/my_social_nav_interfaces' returned '0': CMAKE_PREFIX_PATH=${CMAKE_PREFIX_PATH}:/home/wim/Documents/social_momentum_ros2/install/my_social_nav_pkg:/opt/ros/humble /usr/bin/cmake --install /home/wim/Documents/social_momentum_ros2/build/my_social_nav_interfaces
