[0.033s] Invoking command in '/home/wim/Documents/social_momentum_ros2/build/my_social_nav_interfaces': CMAKE_PREFIX_PATH=${CMAKE_PREFIX_PATH}:/home/wim/Documents/social_momentum_ros2/install/my_social_nav_pkg:/home/wim/tiago_public_ws/install/launch_pal:/opt/ros/humble /usr/bin/cmake --build /home/wim/Documents/social_momentum_ros2/build/my_social_nav_interfaces -- -j12 -l12
[0.162s] [  2%] Built target my_social_nav_interfaces__cpp
[0.231s] [  2%] Built target ament_cmake_python_symlink_my_social_nav_interfaces
[0.257s] [35m[1mConsolidate compiler generated dependencies of target my_social_nav_interfaces__rosidl_typesupport_introspection_cpp[0m
[0.294s] [ 12%] Built target my_social_nav_interfaces__rosidl_typesupport_introspection_cpp
[1.024s] running egg_info
[1.025s] writing my_social_nav_interfaces.egg-info/PKG-INFO
[1.027s] writing dependency_links to my_social_nav_interfaces.egg-info/dependency_links.txt
[1.028s] writing top-level names to my_social_nav_interfaces.egg-info/top_level.txt
[1.033s] reading manifest file 'my_social_nav_interfaces.egg-info/SOURCES.txt'
[1.035s] writing manifest file 'my_social_nav_interfaces.egg-info/SOURCES.txt'
[1.108s] [ 12%] Built target ament_cmake_python_build_my_social_nav_interfaces_egg
[1.138s] [35m[1mConsolidate compiler generated dependencies of target my_social_nav_interfaces__rosidl_typesupport_fastrtps_cpp[0m
[1.174s] [ 23%] Built target my_social_nav_interfaces__rosidl_typesupport_fastrtps_cpp
[1.210s] [35m[1mConsolidate compiler generated dependencies of target my_social_nav_interfaces__rosidl_typesupport_cpp[0m
[1.251s] [ 33%] Built target my_social_nav_interfaces__rosidl_typesupport_cpp
[1.282s] [35m[1mConsolidate compiler generated dependencies of target my_social_nav_interfaces__rosidl_generator_c[0m
[1.315s] [ 43%] Built target my_social_nav_interfaces__rosidl_generator_c
[1.346s] [35m[1mConsolidate compiler generated dependencies of target my_social_nav_interfaces__rosidl_typesupport_fastrtps_c[0m
[1.387s] [ 53%] Built target my_social_nav_interfaces__rosidl_typesupport_fastrtps_c
[1.419s] [35m[1mConsolidate compiler generated dependencies of target my_social_nav_interfaces__rosidl_typesupport_c[0m
[1.451s] [ 64%] Built target my_social_nav_interfaces__rosidl_typesupport_c
[1.480s] [35m[1mConsolidate compiler generated dependencies of target my_social_nav_interfaces__rosidl_typesupport_introspection_c[0m
[1.517s] [ 74%] Built target my_social_nav_interfaces__rosidl_typesupport_introspection_c
[1.575s] [ 74%] Built target my_social_nav_interfaces
[1.634s] [ 76%] Built target my_social_nav_interfaces__py
[1.667s] [35m[1mConsolidate compiler generated dependencies of target my_social_nav_interfaces__rosidl_generator_py[0m
[1.713s] [ 84%] Built target my_social_nav_interfaces__rosidl_generator_py
[1.755s] [35m[1mConsolidate compiler generated dependencies of target my_social_nav_interfaces__rosidl_typesupport_fastrtps_c__pyext[0m
[1.799s] [ 89%] Built target my_social_nav_interfaces__rosidl_typesupport_fastrtps_c__pyext
[1.840s] [35m[1mConsolidate compiler generated dependencies of target my_social_nav_interfaces__rosidl_typesupport_c__pyext[0m
[1.886s] [ 94%] Built target my_social_nav_interfaces__rosidl_typesupport_c__pyext
[1.919s] [35m[1mConsolidate compiler generated dependencies of target my_social_nav_interfaces__rosidl_typesupport_introspection_c__pyext[0m
[1.958s] [100%] Built target my_social_nav_interfaces__rosidl_typesupport_introspection_c__pyext
[1.994s] Invoked command in '/home/wim/Documents/social_momentum_ros2/build/my_social_nav_interfaces' returned '0': CMAKE_PREFIX_PATH=${CMAKE_PREFIX_PATH}:/home/wim/Documents/social_momentum_ros2/install/my_social_nav_pkg:/home/wim/tiago_public_ws/install/launch_pal:/opt/ros/humble /usr/bin/cmake --build /home/wim/Documents/social_momentum_ros2/build/my_social_nav_interfaces -- -j12 -l12
[2.024s] Invoking command in '/home/wim/Documents/social_momentum_ros2/build/my_social_nav_interfaces': CMAKE_PREFIX_PATH=${CMAKE_PREFIX_PATH}:/home/wim/Documents/social_momentum_ros2/install/my_social_nav_pkg:/home/wim/tiago_public_ws/install/launch_pal:/opt/ros/humble /usr/bin/cmake --install /home/wim/Documents/social_momentum_ros2/build/my_social_nav_interfaces
[2.048s] -- Install configuration: ""
[2.049s] -- Execute custom install script
[2.050s] -- Up-to-date symlink: /home/wim/Documents/social_momentum_ros2/install/my_social_nav_interfaces/share/ament_index/resource_index/rosidl_interfaces/my_social_nav_interfaces
[2.051s] -- Up-to-date symlink: /home/wim/Documents/social_momentum_ros2/install/my_social_nav_interfaces/include/my_social_nav_interfaces/my_social_nav_interfaces/msg/detail/human_array__functions.h
[2.052s] -- Up-to-date symlink: /home/wim/Documents/social_momentum_ros2/install/my_social_nav_interfaces/include/my_social_nav_interfaces/my_social_nav_interfaces/msg/detail/human_array__struct.h
[2.052s] -- Up-to-date symlink: /home/wim/Documents/social_momentum_ros2/install/my_social_nav_interfaces/include/my_social_nav_interfaces/my_social_nav_interfaces/msg/detail/human_array__type_support.h
[2.053s] -- Up-to-date symlink: /home/wim/Documents/social_momentum_ros2/install/my_social_nav_interfaces/include/my_social_nav_interfaces/my_social_nav_interfaces/msg/detail/human_pose_vel__functions.h
[2.054s] -- Up-to-date symlink: /home/wim/Documents/social_momentum_ros2/install/my_social_nav_interfaces/include/my_social_nav_interfaces/my_social_nav_interfaces/msg/detail/human_pose_vel__struct.h
[2.056s] -- Up-to-date symlink: /home/wim/Documents/social_momentum_ros2/install/my_social_nav_interfaces/include/my_social_nav_interfaces/my_social_nav_interfaces/msg/detail/human_pose_vel__type_support.h
[2.057s] -- Up-to-date symlink: /home/wim/Documents/social_momentum_ros2/install/my_social_nav_interfaces/include/my_social_nav_interfaces/my_social_nav_interfaces/msg/human_array.h
[2.057s] -- Up-to-date symlink: /home/wim/Documents/social_momentum_ros2/install/my_social_nav_interfaces/include/my_social_nav_interfaces/my_social_nav_interfaces/msg/human_pose_vel.h
[2.058s] -- Up-to-date symlink: /home/wim/Documents/social_momentum_ros2/install/my_social_nav_interfaces/include/my_social_nav_interfaces/my_social_nav_interfaces/msg/rosidl_generator_c__visibility_control.h
[2.059s] -- Up-to-date symlink: /home/wim/Documents/social_momentum_ros2/install/my_social_nav_interfaces/share/my_social_nav_interfaces/environment/library_path.sh
[2.059s] -- Up-to-date symlink: /home/wim/Documents/social_momentum_ros2/install/my_social_nav_interfaces/share/my_social_nav_interfaces/environment/library_path.dsv
[2.059s] -- Up-to-date symlink: /home/wim/Documents/social_momentum_ros2/install/my_social_nav_interfaces/include/my_social_nav_interfaces/my_social_nav_interfaces/msg/detail/human_array__rosidl_typesupport_fastrtps_c.h
[2.060s] -- Up-to-date symlink: /home/wim/Documents/social_momentum_ros2/install/my_social_nav_interfaces/include/my_social_nav_interfaces/my_social_nav_interfaces/msg/detail/human_pose_vel__rosidl_typesupport_fastrtps_c.h
[2.063s] -- Up-to-date symlink: /home/wim/Documents/social_momentum_ros2/install/my_social_nav_interfaces/include/my_social_nav_interfaces/my_social_nav_interfaces/msg/rosidl_typesupport_fastrtps_c__visibility_control.h
[2.063s] -- Up-to-date symlink: /home/wim/Documents/social_momentum_ros2/install/my_social_nav_interfaces/include/my_social_nav_interfaces/my_social_nav_interfaces/msg/detail/human_array__builder.hpp
[2.064s] -- Up-to-date symlink: /home/wim/Documents/social_momentum_ros2/install/my_social_nav_interfaces/include/my_social_nav_interfaces/my_social_nav_interfaces/msg/detail/human_array__struct.hpp
[2.064s] -- Up-to-date symlink: /home/wim/Documents/social_momentum_ros2/install/my_social_nav_interfaces/include/my_social_nav_interfaces/my_social_nav_interfaces/msg/detail/human_array__traits.hpp
[2.064s] -- Up-to-date symlink: /home/wim/Documents/social_momentum_ros2/install/my_social_nav_interfaces/include/my_social_nav_interfaces/my_social_nav_interfaces/msg/detail/human_array__type_support.hpp
[2.065s] -- Up-to-date symlink: /home/wim/Documents/social_momentum_ros2/install/my_social_nav_interfaces/include/my_social_nav_interfaces/my_social_nav_interfaces/msg/detail/human_pose_vel__builder.hpp
[2.065s] -- Up-to-date symlink: /home/wim/Documents/social_momentum_ros2/install/my_social_nav_interfaces/include/my_social_nav_interfaces/my_social_nav_interfaces/msg/detail/human_pose_vel__struct.hpp
[2.066s] -- Up-to-date symlink: /home/wim/Documents/social_momentum_ros2/install/my_social_nav_interfaces/include/my_social_nav_interfaces/my_social_nav_interfaces/msg/detail/human_pose_vel__traits.hpp
[2.066s] -- Up-to-date symlink: /home/wim/Documents/social_momentum_ros2/install/my_social_nav_interfaces/include/my_social_nav_interfaces/my_social_nav_interfaces/msg/detail/human_pose_vel__type_support.hpp
[2.066s] -- Up-to-date symlink: /home/wim/Documents/social_momentum_ros2/install/my_social_nav_interfaces/include/my_social_nav_interfaces/my_social_nav_interfaces/msg/human_array.hpp
[2.067s] -- Up-to-date symlink: /home/wim/Documents/social_momentum_ros2/install/my_social_nav_interfaces/include/my_social_nav_interfaces/my_social_nav_interfaces/msg/human_pose_vel.hpp
[2.067s] -- Up-to-date symlink: /home/wim/Documents/social_momentum_ros2/install/my_social_nav_interfaces/include/my_social_nav_interfaces/my_social_nav_interfaces/msg/rosidl_generator_cpp__visibility_control.hpp
[2.070s] -- Up-to-date symlink: /home/wim/Documents/social_momentum_ros2/install/my_social_nav_interfaces/include/my_social_nav_interfaces/my_social_nav_interfaces/msg/detail/human_array__rosidl_typesupport_fastrtps_cpp.hpp
[2.071s] -- Up-to-date symlink: /home/wim/Documents/social_momentum_ros2/install/my_social_nav_interfaces/include/my_social_nav_interfaces/my_social_nav_interfaces/msg/detail/human_pose_vel__rosidl_typesupport_fastrtps_cpp.hpp
[2.072s] -- Up-to-date symlink: /home/wim/Documents/social_momentum_ros2/install/my_social_nav_interfaces/include/my_social_nav_interfaces/my_social_nav_interfaces/msg/rosidl_typesupport_fastrtps_cpp__visibility_control.h
[2.072s] -- Up-to-date symlink: /home/wim/Documents/social_momentum_ros2/install/my_social_nav_interfaces/include/my_social_nav_interfaces/my_social_nav_interfaces/msg/detail/human_array__rosidl_typesupport_introspection_c.h
[2.072s] -- Up-to-date symlink: /home/wim/Documents/social_momentum_ros2/install/my_social_nav_interfaces/include/my_social_nav_interfaces/my_social_nav_interfaces/msg/detail/human_pose_vel__rosidl_typesupport_introspection_c.h
[2.073s] -- Up-to-date symlink: /home/wim/Documents/social_momentum_ros2/install/my_social_nav_interfaces/include/my_social_nav_interfaces/my_social_nav_interfaces/msg/rosidl_typesupport_introspection_c__visibility_control.h
[2.073s] -- Up-to-date symlink: /home/wim/Documents/social_momentum_ros2/install/my_social_nav_interfaces/include/my_social_nav_interfaces/my_social_nav_interfaces/msg/detail/human_array__rosidl_typesupport_introspection_cpp.hpp
[2.074s] -- Up-to-date symlink: /home/wim/Documents/social_momentum_ros2/install/my_social_nav_interfaces/include/my_social_nav_interfaces/my_social_nav_interfaces/msg/detail/human_pose_vel__rosidl_typesupport_introspection_cpp.hpp
[2.075s] -- Up-to-date symlink: /home/wim/Documents/social_momentum_ros2/install/my_social_nav_interfaces/share/my_social_nav_interfaces/environment/pythonpath.sh
[2.075s] -- Up-to-date symlink: /home/wim/Documents/social_momentum_ros2/install/my_social_nav_interfaces/share/my_social_nav_interfaces/environment/pythonpath.dsv
[2.077s] -- Up-to-date symlink: /home/wim/Documents/social_momentum_ros2/install/my_social_nav_interfaces/local/lib/python3.10/dist-packages/my_social_nav_interfaces-0.0.0-py3.10.egg-info/PKG-INFO
[2.079s] -- Up-to-date symlink: /home/wim/Documents/social_momentum_ros2/install/my_social_nav_interfaces/local/lib/python3.10/dist-packages/my_social_nav_interfaces-0.0.0-py3.10.egg-info/SOURCES.txt
[2.079s] -- Up-to-date symlink: /home/wim/Documents/social_momentum_ros2/install/my_social_nav_interfaces/local/lib/python3.10/dist-packages/my_social_nav_interfaces-0.0.0-py3.10.egg-info/dependency_links.txt
[2.079s] -- Up-to-date symlink: /home/wim/Documents/social_momentum_ros2/install/my_social_nav_interfaces/local/lib/python3.10/dist-packages/my_social_nav_interfaces-0.0.0-py3.10.egg-info/top_level.txt
[2.080s] -- Up-to-date symlink: /home/wim/Documents/social_momentum_ros2/install/my_social_nav_interfaces/local/lib/python3.10/dist-packages/my_social_nav_interfaces/__init__.py
[2.081s] -- Up-to-date symlink: /home/wim/Documents/social_momentum_ros2/install/my_social_nav_interfaces/local/lib/python3.10/dist-packages/my_social_nav_interfaces/_my_social_nav_interfaces_s.ep.rosidl_typesupport_c.c
[2.081s] -- Up-to-date symlink: /home/wim/Documents/social_momentum_ros2/install/my_social_nav_interfaces/local/lib/python3.10/dist-packages/my_social_nav_interfaces/_my_social_nav_interfaces_s.ep.rosidl_typesupport_fastrtps_c.c
[2.081s] -- Up-to-date symlink: /home/wim/Documents/social_momentum_ros2/install/my_social_nav_interfaces/local/lib/python3.10/dist-packages/my_social_nav_interfaces/_my_social_nav_interfaces_s.ep.rosidl_typesupport_introspection_c.c
[2.082s] -- Up-to-date symlink: /home/wim/Documents/social_momentum_ros2/install/my_social_nav_interfaces/local/lib/python3.10/dist-packages/my_social_nav_interfaces/libmy_social_nav_interfaces__rosidl_generator_py.so
[2.082s] -- Up-to-date symlink: /home/wim/Documents/social_momentum_ros2/install/my_social_nav_interfaces/local/lib/python3.10/dist-packages/my_social_nav_interfaces/msg/__init__.py
[2.083s] -- Up-to-date symlink: /home/wim/Documents/social_momentum_ros2/install/my_social_nav_interfaces/local/lib/python3.10/dist-packages/my_social_nav_interfaces/msg/_human_array.py
[2.083s] -- Up-to-date symlink: /home/wim/Documents/social_momentum_ros2/install/my_social_nav_interfaces/local/lib/python3.10/dist-packages/my_social_nav_interfaces/msg/_human_array_s.c
[2.084s] -- Up-to-date symlink: /home/wim/Documents/social_momentum_ros2/install/my_social_nav_interfaces/local/lib/python3.10/dist-packages/my_social_nav_interfaces/msg/_human_pose_vel.py
[2.084s] -- Up-to-date symlink: /home/wim/Documents/social_momentum_ros2/install/my_social_nav_interfaces/local/lib/python3.10/dist-packages/my_social_nav_interfaces/msg/_human_pose_vel_s.c
[2.084s] -- Up-to-date symlink: /home/wim/Documents/social_momentum_ros2/install/my_social_nav_interfaces/local/lib/python3.10/dist-packages/my_social_nav_interfaces/my_social_nav_interfaces_s__rosidl_typesupport_c.cpython-310-x86_64-linux-gnu.so
[2.088s] -- Up-to-date symlink: /home/wim/Documents/social_momentum_ros2/install/my_social_nav_interfaces/local/lib/python3.10/dist-packages/my_social_nav_interfaces/my_social_nav_interfaces_s__rosidl_typesupport_fastrtps_c.cpython-310-x86_64-linux-gnu.so
[2.088s] -- Up-to-date symlink: /home/wim/Documents/social_momentum_ros2/install/my_social_nav_interfaces/local/lib/python3.10/dist-packages/my_social_nav_interfaces/my_social_nav_interfaces_s__rosidl_typesupport_introspection_c.cpython-310-x86_64-linux-gnu.so
[2.088s] -- Up-to-date symlink: /home/wim/Documents/social_momentum_ros2/install/my_social_nav_interfaces/local/lib/python3.10/dist-packages/my_social_nav_interfaces/my_social_nav_interfaces_s__rosidl_typesupport_fastrtps_c.cpython-310-x86_64-linux-gnu.so
[2.089s] -- Up-to-date symlink: /home/wim/Documents/social_momentum_ros2/install/my_social_nav_interfaces/local/lib/python3.10/dist-packages/my_social_nav_interfaces/my_social_nav_interfaces_s__rosidl_typesupport_introspection_c.cpython-310-x86_64-linux-gnu.so
[2.090s] -- Up-to-date symlink: /home/wim/Documents/social_momentum_ros2/install/my_social_nav_interfaces/local/lib/python3.10/dist-packages/my_social_nav_interfaces/my_social_nav_interfaces_s__rosidl_typesupport_c.cpython-310-x86_64-linux-gnu.so
[2.091s] -- Up-to-date symlink: /home/wim/Documents/social_momentum_ros2/install/my_social_nav_interfaces/share/my_social_nav_interfaces/msg/HumanPoseVel.idl
[2.091s] -- Up-to-date symlink: /home/wim/Documents/social_momentum_ros2/install/my_social_nav_interfaces/share/my_social_nav_interfaces/msg/HumanArray.idl
[2.092s] -- Up-to-date symlink: /home/wim/Documents/social_momentum_ros2/install/my_social_nav_interfaces/share/my_social_nav_interfaces/msg/HumanPoseVel.msg
[2.092s] -- Up-to-date symlink: /home/wim/Documents/social_momentum_ros2/install/my_social_nav_interfaces/share/my_social_nav_interfaces/msg/HumanArray.msg
[2.092s] -- Up-to-date symlink: /home/wim/Documents/social_momentum_ros2/install/my_social_nav_interfaces/share/ament_index/resource_index/package_run_dependencies/my_social_nav_interfaces
[2.093s] -- Up-to-date symlink: /home/wim/Documents/social_momentum_ros2/install/my_social_nav_interfaces/share/ament_index/resource_index/parent_prefix_path/my_social_nav_interfaces
[2.093s] -- Up-to-date symlink: /home/wim/Documents/social_momentum_ros2/install/my_social_nav_interfaces/share/my_social_nav_interfaces/environment/ament_prefix_path.sh
[2.094s] -- Up-to-date symlink: /home/wim/Documents/social_momentum_ros2/install/my_social_nav_interfaces/share/my_social_nav_interfaces/environment/ament_prefix_path.dsv
[2.096s] -- Up-to-date symlink: /home/wim/Documents/social_momentum_ros2/install/my_social_nav_interfaces/share/my_social_nav_interfaces/environment/path.sh
[2.097s] -- Up-to-date symlink: /home/wim/Documents/social_momentum_ros2/install/my_social_nav_interfaces/share/my_social_nav_interfaces/environment/path.dsv
[2.097s] -- Up-to-date symlink: /home/wim/Documents/social_momentum_ros2/install/my_social_nav_interfaces/share/my_social_nav_interfaces/local_setup.bash
[2.097s] -- Up-to-date symlink: /home/wim/Documents/social_momentum_ros2/install/my_social_nav_interfaces/share/my_social_nav_interfaces/local_setup.sh
[2.098s] -- Up-to-date symlink: /home/wim/Documents/social_momentum_ros2/install/my_social_nav_interfaces/share/my_social_nav_interfaces/local_setup.zsh
[2.098s] -- Up-to-date symlink: /home/wim/Documents/social_momentum_ros2/install/my_social_nav_interfaces/share/my_social_nav_interfaces/local_setup.dsv
[2.098s] -- Symlinking: /home/wim/Documents/social_momentum_ros2/install/my_social_nav_interfaces/share/my_social_nav_interfaces/package.dsv
[2.127s] -- Up-to-date symlink: /home/wim/Documents/social_momentum_ros2/install/my_social_nav_interfaces/share/ament_index/resource_index/packages/my_social_nav_interfaces
[2.128s] -- Up-to-date symlink: /home/wim/Documents/social_momentum_ros2/install/my_social_nav_interfaces/share/my_social_nav_interfaces/cmake/rosidl_cmake-extras.cmake
[2.129s] -- Up-to-date symlink: /home/wim/Documents/social_momentum_ros2/install/my_social_nav_interfaces/share/my_social_nav_interfaces/cmake/ament_cmake_export_dependencies-extras.cmake
[2.129s] -- Up-to-date symlink: /home/wim/Documents/social_momentum_ros2/install/my_social_nav_interfaces/share/my_social_nav_interfaces/cmake/ament_cmake_export_include_directories-extras.cmake
[2.130s] -- Up-to-date symlink: /home/wim/Documents/social_momentum_ros2/install/my_social_nav_interfaces/share/my_social_nav_interfaces/cmake/ament_cmake_export_libraries-extras.cmake
[2.130s] -- Up-to-date symlink: /home/wim/Documents/social_momentum_ros2/install/my_social_nav_interfaces/share/my_social_nav_interfaces/cmake/ament_cmake_export_targets-extras.cmake
[2.131s] -- Up-to-date symlink: /home/wim/Documents/social_momentum_ros2/install/my_social_nav_interfaces/share/my_social_nav_interfaces/cmake/rosidl_cmake_export_typesupport_targets-extras.cmake
[2.131s] -- Up-to-date symlink: /home/wim/Documents/social_momentum_ros2/install/my_social_nav_interfaces/share/my_social_nav_interfaces/cmake/rosidl_cmake_export_typesupport_libraries-extras.cmake
[2.132s] -- Up-to-date symlink: /home/wim/Documents/social_momentum_ros2/install/my_social_nav_interfaces/share/my_social_nav_interfaces/cmake/my_social_nav_interfacesConfig.cmake
[2.133s] -- Up-to-date symlink: /home/wim/Documents/social_momentum_ros2/install/my_social_nav_interfaces/share/my_social_nav_interfaces/cmake/my_social_nav_interfacesConfig-version.cmake
[2.133s] -- Up-to-date symlink: /home/wim/Documents/social_momentum_ros2/install/my_social_nav_interfaces/share/my_social_nav_interfaces/package.xml
[2.135s] -- Up-to-date: /home/wim/Documents/social_momentum_ros2/install/my_social_nav_interfaces/lib/libmy_social_nav_interfaces__rosidl_generator_c.so
[2.136s] -- Up-to-date: /home/wim/Documents/social_momentum_ros2/install/my_social_nav_interfaces/lib/libmy_social_nav_interfaces__rosidl_typesupport_fastrtps_c.so
[2.137s] -- Up-to-date: /home/wim/Documents/social_momentum_ros2/install/my_social_nav_interfaces/lib/libmy_social_nav_interfaces__rosidl_typesupport_fastrtps_cpp.so
[2.139s] -- Up-to-date: /home/wim/Documents/social_momentum_ros2/install/my_social_nav_interfaces/lib/libmy_social_nav_interfaces__rosidl_typesupport_introspection_c.so
[2.140s] -- Up-to-date: /home/wim/Documents/social_momentum_ros2/install/my_social_nav_interfaces/lib/libmy_social_nav_interfaces__rosidl_typesupport_c.so
[2.141s] -- Up-to-date: /home/wim/Documents/social_momentum_ros2/install/my_social_nav_interfaces/lib/libmy_social_nav_interfaces__rosidl_typesupport_introspection_cpp.so
[2.143s] -- Up-to-date: /home/wim/Documents/social_momentum_ros2/install/my_social_nav_interfaces/lib/libmy_social_nav_interfaces__rosidl_typesupport_cpp.so
[2.267s] Listing '/home/wim/Documents/social_momentum_ros2/install/my_social_nav_interfaces/local/lib/python3.10/dist-packages/my_social_nav_interfaces'...
[2.268s] Listing '/home/wim/Documents/social_momentum_ros2/install/my_social_nav_interfaces/local/lib/python3.10/dist-packages/my_social_nav_interfaces/msg'...
[2.281s] -- Up-to-date: /home/wim/Documents/social_momentum_ros2/install/my_social_nav_interfaces/lib/libmy_social_nav_interfaces__rosidl_generator_py.so
[2.282s] -- Up-to-date: /home/wim/Documents/social_momentum_ros2/install/my_social_nav_interfaces/share/my_social_nav_interfaces/cmake/export_my_social_nav_interfaces__rosidl_generator_cExport.cmake
[2.282s] -- Up-to-date: /home/wim/Documents/social_momentum_ros2/install/my_social_nav_interfaces/share/my_social_nav_interfaces/cmake/export_my_social_nav_interfaces__rosidl_generator_cExport-noconfig.cmake
[2.282s] -- Up-to-date: /home/wim/Documents/social_momentum_ros2/install/my_social_nav_interfaces/share/my_social_nav_interfaces/cmake/export_my_social_nav_interfaces__rosidl_typesupport_fastrtps_cExport.cmake
[2.283s] -- Up-to-date: /home/wim/Documents/social_momentum_ros2/install/my_social_nav_interfaces/share/my_social_nav_interfaces/cmake/export_my_social_nav_interfaces__rosidl_typesupport_fastrtps_cExport-noconfig.cmake
[2.283s] -- Up-to-date: /home/wim/Documents/social_momentum_ros2/install/my_social_nav_interfaces/share/my_social_nav_interfaces/cmake/export_my_social_nav_interfaces__rosidl_generator_cppExport.cmake
[2.284s] -- Up-to-date: /home/wim/Documents/social_momentum_ros2/install/my_social_nav_interfaces/share/my_social_nav_interfaces/cmake/export_my_social_nav_interfaces__rosidl_typesupport_fastrtps_cppExport.cmake
[2.284s] -- Up-to-date: /home/wim/Documents/social_momentum_ros2/install/my_social_nav_interfaces/share/my_social_nav_interfaces/cmake/export_my_social_nav_interfaces__rosidl_typesupport_fastrtps_cppExport-noconfig.cmake
[2.285s] -- Up-to-date: /home/wim/Documents/social_momentum_ros2/install/my_social_nav_interfaces/share/my_social_nav_interfaces/cmake/my_social_nav_interfaces__rosidl_typesupport_introspection_cExport.cmake
[2.285s] -- Up-to-date: /home/wim/Documents/social_momentum_ros2/install/my_social_nav_interfaces/share/my_social_nav_interfaces/cmake/my_social_nav_interfaces__rosidl_typesupport_introspection_cExport-noconfig.cmake
[2.285s] -- Up-to-date: /home/wim/Documents/social_momentum_ros2/install/my_social_nav_interfaces/share/my_social_nav_interfaces/cmake/my_social_nav_interfaces__rosidl_typesupport_cExport.cmake
[2.285s] -- Up-to-date: /home/wim/Documents/social_momentum_ros2/install/my_social_nav_interfaces/share/my_social_nav_interfaces/cmake/my_social_nav_interfaces__rosidl_typesupport_cExport-noconfig.cmake
[2.286s] -- Up-to-date: /home/wim/Documents/social_momentum_ros2/install/my_social_nav_interfaces/share/my_social_nav_interfaces/cmake/my_social_nav_interfaces__rosidl_typesupport_introspection_cppExport.cmake
[2.286s] -- Up-to-date: /home/wim/Documents/social_momentum_ros2/install/my_social_nav_interfaces/share/my_social_nav_interfaces/cmake/my_social_nav_interfaces__rosidl_typesupport_introspection_cppExport-noconfig.cmake
[2.287s] -- Up-to-date: /home/wim/Documents/social_momentum_ros2/install/my_social_nav_interfaces/share/my_social_nav_interfaces/cmake/my_social_nav_interfaces__rosidl_typesupport_cppExport.cmake
[2.287s] -- Up-to-date: /home/wim/Documents/social_momentum_ros2/install/my_social_nav_interfaces/share/my_social_nav_interfaces/cmake/my_social_nav_interfaces__rosidl_typesupport_cppExport-noconfig.cmake
[2.287s] -- Up-to-date: /home/wim/Documents/social_momentum_ros2/install/my_social_nav_interfaces/share/my_social_nav_interfaces/cmake/export_my_social_nav_interfaces__rosidl_generator_pyExport.cmake
[2.288s] -- Up-to-date: /home/wim/Documents/social_momentum_ros2/install/my_social_nav_interfaces/share/my_social_nav_interfaces/cmake/export_my_social_nav_interfaces__rosidl_generator_pyExport-noconfig.cmake
[2.293s] Invoked command in '/home/wim/Documents/social_momentum_ros2/build/my_social_nav_interfaces' returned '0': CMAKE_PREFIX_PATH=${CMAKE_PREFIX_PATH}:/home/wim/Documents/social_momentum_ros2/install/my_social_nav_pkg:/home/wim/tiago_public_ws/install/launch_pal:/opt/ros/humble /usr/bin/cmake --install /home/wim/Documents/social_momentum_ros2/build/my_social_nav_interfaces
