running develop
running egg_info
creating my_social_nav_pkg.egg-info
writing my_social_nav_pkg.egg-info/PKG-INFO
writing dependency_links to my_social_nav_pkg.egg-info/dependency_links.txt
writing entry points to my_social_nav_pkg.egg-info/entry_points.txt
writing requirements to my_social_nav_pkg.egg-info/requires.txt
writing top-level names to my_social_nav_pkg.egg-info/top_level.txt
writing manifest file 'my_social_nav_pkg.egg-info/SOURCES.txt'
reading manifest file 'my_social_nav_pkg.egg-info/SOURCES.txt'
writing manifest file 'my_social_nav_pkg.egg-info/SOURCES.txt'
running build_ext
Creating /home/wim/Documents/social_momentum_ros2/install/my_social_nav_pkg/lib/python3.10/site-packages/my-social-nav-pkg.egg-link (link to .)
Installing fake_human_publisher script to /home/wim/Documents/social_momentum_ros2/install/my_social_nav_pkg/lib/my_social_nav_pkg
Installing social_planner_node script to /home/wim/Documents/social_momentum_ros2/install/my_social_nav_pkg/lib/my_social_nav_pkg

Installed /home/wim/Documents/social_momentum_ros2/build/my_social_nav_pkg
running symlink_data
creating /home/wim/Documents/social_momentum_ros2/install/my_social_nav_pkg/share/ament_index
creating /home/wim/Documents/social_momentum_ros2/install/my_social_nav_pkg/share/ament_index/resource_index
creating /home/wim/Documents/social_momentum_ros2/install/my_social_nav_pkg/share/ament_index/resource_index/packages
symbolically linking /home/wim/Documents/social_momentum_ros2/build/my_social_nav_pkg/resource/my_social_nav_pkg -> /home/wim/Documents/social_momentum_ros2/install/my_social_nav_pkg/share/ament_index/resource_index/packages
symbolically linking /home/wim/Documents/social_momentum_ros2/build/my_social_nav_pkg/package.xml -> /home/wim/Documents/social_momentum_ros2/install/my_social_nav_pkg/share/my_social_nav_pkg
creating /home/wim/Documents/social_momentum_ros2/install/my_social_nav_pkg/share/my_social_nav_pkg/launch
symbolically linking /home/wim/Documents/social_momentum_ros2/build/my_social_nav_pkg/launch/social_nav_test.launch.py -> /home/wim/Documents/social_momentum_ros2/install/my_social_nav_pkg/share/my_social_nav_pkg/launch
