[2.003s] Invoking command in '/home/wim/Documents/social_momentum_ros2/build/my_social_nav_pkg': PYTHONPATH=/home/wim/Documents/social_momentum_ros2/build/my_social_nav_pkg/prefix_override:/usr/lib/python3/dist-packages/colcon_core/task/python/colcon_distutils_commands:/home/wim/Documents/social_momentum_ros2/install/my_social_nav_pkg/lib/python3.10/site-packages:${PYTHONPATH} /usr/bin/python3 -W ignore:setup.py install is deprecated -W ignore:easy_install command is deprecated setup.py develop --editable --build-directory /home/wim/Documents/social_momentum_ros2/build/my_social_nav_pkg/build --no-deps symlink_data
[2.896s] running develop
[3.529s] running egg_info
[3.530s] creating my_social_nav_pkg.egg-info
[3.531s] writing my_social_nav_pkg.egg-info/PKG-INFO
[3.531s] writing dependency_links to my_social_nav_pkg.egg-info/dependency_links.txt
[3.531s] writing entry points to my_social_nav_pkg.egg-info/entry_points.txt
[3.532s] writing requirements to my_social_nav_pkg.egg-info/requires.txt
[3.532s] writing top-level names to my_social_nav_pkg.egg-info/top_level.txt
[3.532s] writing manifest file 'my_social_nav_pkg.egg-info/SOURCES.txt'
[3.537s] reading manifest file 'my_social_nav_pkg.egg-info/SOURCES.txt'
[3.539s] writing manifest file 'my_social_nav_pkg.egg-info/SOURCES.txt'
[3.544s] running build_ext
[3.544s] Creating /home/wim/Documents/social_momentum_ros2/install/my_social_nav_pkg/lib/python3.10/site-packages/my-social-nav-pkg.egg-link (link to .)
[3.547s] Installing fake_human_publisher script to /home/wim/Documents/social_momentum_ros2/install/my_social_nav_pkg/lib/my_social_nav_pkg
[3.547s] Installing social_planner_node script to /home/wim/Documents/social_momentum_ros2/install/my_social_nav_pkg/lib/my_social_nav_pkg
[3.548s] 
[3.548s] Installed /home/wim/Documents/social_momentum_ros2/build/my_social_nav_pkg
[3.549s] running symlink_data
[3.549s] creating /home/wim/Documents/social_momentum_ros2/install/my_social_nav_pkg/share/ament_index
[3.550s] creating /home/wim/Documents/social_momentum_ros2/install/my_social_nav_pkg/share/ament_index/resource_index
[3.551s] creating /home/wim/Documents/social_momentum_ros2/install/my_social_nav_pkg/share/ament_index/resource_index/packages
[3.553s] symbolically linking /home/wim/Documents/social_momentum_ros2/build/my_social_nav_pkg/resource/my_social_nav_pkg -> /home/wim/Documents/social_momentum_ros2/install/my_social_nav_pkg/share/ament_index/resource_index/packages
[3.553s] symbolically linking /home/wim/Documents/social_momentum_ros2/build/my_social_nav_pkg/package.xml -> /home/wim/Documents/social_momentum_ros2/install/my_social_nav_pkg/share/my_social_nav_pkg
[3.553s] creating /home/wim/Documents/social_momentum_ros2/install/my_social_nav_pkg/share/my_social_nav_pkg/launch
[3.553s] symbolically linking /home/wim/Documents/social_momentum_ros2/build/my_social_nav_pkg/launch/social_nav_test.launch.py -> /home/wim/Documents/social_momentum_ros2/install/my_social_nav_pkg/share/my_social_nav_pkg/launch
[3.639s] Invoked command in '/home/wim/Documents/social_momentum_ros2/build/my_social_nav_pkg' returned '0': PYTHONPATH=/home/wim/Documents/social_momentum_ros2/build/my_social_nav_pkg/prefix_override:/usr/lib/python3/dist-packages/colcon_core/task/python/colcon_distutils_commands:/home/wim/Documents/social_momentum_ros2/install/my_social_nav_pkg/lib/python3.10/site-packages:${PYTHONPATH} /usr/bin/python3 -W ignore:setup.py install is deprecated -W ignore:easy_install command is deprecated setup.py develop --editable --build-directory /home/wim/Documents/social_momentum_ros2/build/my_social_nav_pkg/build --no-deps symlink_data
